#
# There is insufficient memory for the Java Runtime Environment to continue.
# Native memory allocation (malloc) failed to allocate 1180816 bytes for Chunk::new
# Possible reasons:
#   The system is out of physical RAM or swap space
#   The process is running with CompressedOops enabled, and the Java Heap may be blocking the growth of the native heap
# Possible solutions:
#   Reduce memory load on the system
#   Increase physical memory or swap space
#   Check if swap backing store is full
#   Decrease Java heap size (-Xmx/-Xms)
#   Decrease number of Java threads
#   Decrease Java thread stack sizes (-Xss)
#   Set larger code cache with -XX:ReservedCodeCacheSize=
#   JVM is running with Unscaled Compressed Oops mode in which the Java heap is
#     placed in the first 4GB address space. The Java Heap base address is the
#     maximum limit for the native heap growth. Please use -XX:HeapBaseMinAddress
#     to set the Java Heap base and to place the Java Heap above 4GB virtual address.
# This output file may be truncated or incomplete.
#
#  Out of Memory Error (./src/hotspot/share/memory/arena.cpp:197), pid=632, tid=21300
#
# JRE version: OpenJDK Runtime Environment (11.0.8+10) (build 11.0.8+10-b944.6842174)
# Java VM: OpenJDK 64-Bit Server VM (11.0.8+10-b944.6842174, mixed mode, tiered, compressed oops, g1 gc, windows-amd64)
# No core dump will be written. Minidumps are not enabled by default on client versions of Windows
#

---------------  S U M M A R Y ------------

Command Line: --add-opens=java.base/java.util=ALL-UNNAMED --add-opens=java.base/java.lang=ALL-UNNAMED --add-opens=java.base/java.lang.invoke=ALL-UNNAMED --add-opens=java.prefs/java.util.prefs=ALL-UNNAMED -Xmx2048m -Dfile.encoding=UTF-8 -Duser.country=RU -Duser.language=ru -Duser.variant org.gradle.launcher.daemon.bootstrap.GradleDaemon 6.7.1

Host: 11th Gen Intel(R) Core(TM) i7-1165G7 @ 2.80GHz, 8 cores, 15G,  Windows 10 , 64 bit Build 19041 (10.0.19041.928)
Time: Wed Jun 30 17:05:45 2021 RTZ 2 (зима) elapsed time: 45 seconds (0d 0h 0m 45s)

---------------  T H R E A D  ---------------

Current thread (0x000001fbdb8d1800):  JavaThread "C2 CompilerThread2" daemon [_thread_in_native, id=21300, stack(0x000000377e100000,0x000000377e200000)]


Current CompileTask:
C2:  45824 14047   !   4       java.nio.file.FileTreeWalker::next (144 bytes)

Stack: [0x000000377e100000,0x000000377e200000]
Native frames: (J=compiled Java code, j=interpreted, Vv=VM code, C=native code)
V  [jvm.dll+0x5de50a]
V  [jvm.dll+0x7122f5]
V  [jvm.dll+0x71384d]
V  [jvm.dll+0x713f03]
V  [jvm.dll+0x23e728]
V  [jvm.dll+0xb899c]
V  [jvm.dll+0xb8e9c]
V  [jvm.dll+0x35024d]
V  [jvm.dll+0x193cbc]
V  [jvm.dll+0x1f780e]
V  [jvm.dll+0x1f68d4]
V  [jvm.dll+0x17f32c]
V  [jvm.dll+0x205047]
V  [jvm.dll+0x203891]
V  [jvm.dll+0x6dad3f]
V  [jvm.dll+0x6d3895]
V  [jvm.dll+0x5dd4a6]
C  [ucrtbase.dll+0x21bb2]
C  [KERNEL32.DLL+0x17034]
C  [ntdll.dll+0x52651]


---------------  P R O C E S S  ---------------

Threads class SMR info:
_java_thread_list=0x000001fbd5212e20, length=187, elements={
0x000001fbb678c000, 0x000001fbd337c800, 0x000001fbd3385800, 0x000001fbd339f800,
0x000001fbd33a1800, 0x000001fbd33a4000, 0x000001fbd33eb800, 0x000001fbd33f6800,
0x000001fbd356e800, 0x000001fbd35a2800, 0x000001fbd5cb4800, 0x000001fbd54ff000,
0x000001fbd5721000, 0x000001fbd4c47000, 0x000001fbd5921000, 0x000001fbd3a0e000,
0x000001fbd3a10000, 0x000001fbd3a0e800, 0x000001fbd3a0f800, 0x000001fbd3a12000,
0x000001fbd700e800, 0x000001fbd7017800, 0x000001fbd7011800, 0x000001fbd7013000,
0x000001fbd7018000, 0x000001fbd7012800, 0x000001fbd7015000, 0x000001fbd7019000,
0x000001fbd7014000, 0x000001fbd7393000, 0x000001fbd738d800, 0x000001fbd7391000,
0x000001fbd7391800, 0x000001fbd738e800, 0x000001fbd7394000, 0x000001fbd7392800,
0x000001fbd7395000, 0x000001fbd738f000, 0x000001fbd7395800, 0x000001fbd7390000,
0x000001fbd7397800, 0x000001fbd7399000, 0x000001fbd7398000, 0x000001fbd739a000,
0x000001fbd739a800, 0x000001fbd7396800, 0x000001fbd739b800, 0x000001fbd739c000,
0x000001fbd737e800, 0x000001fbd737f000, 0x000001fbd7383000, 0x000001fbd7380000,
0x000001fbd7381000, 0x000001fbd7381800, 0x000001fbd7382800, 0x000001fbd737d800,
0x000001fbd7384000, 0x000001fbd7389000, 0x000001fbd738a000, 0x000001fbd7385000,
0x000001fbd738a800, 0x000001fbd7385800, 0x000001fbd738b800, 0x000001fbd738c000,
0x000001fbd7386800, 0x000001fbd7387800, 0x000001fbd7388000, 0x000001fbd8fa6800,
0x000001fbd8fa0800, 0x000001fbd8fa5000, 0x000001fbd8fa5800, 0x000001fbd8fa7000,
0x000001fbd8fa1800, 0x000001fbd8fa8000, 0x000001fbd8fa2800, 0x000001fbd8fa9000,
0x000001fbd8fa3000, 0x000001fbd8fa4000, 0x000001fbd8fad000, 0x000001fbd8fae000,
0x000001fbd8fa9800, 0x000001fbd8fac000, 0x000001fbd8fae800, 0x000001fbd8faa800,
0x000001fbd8faf800, 0x000001fbd8fab800, 0x000001fbda27e800, 0x000001fbda282800,
0x000001fbda27d800, 0x000001fbda27f800, 0x000001fbda27d000, 0x000001fbda283800,
0x000001fbda281000, 0x000001fbda280000, 0x000001fbda286000, 0x000001fbda287800,
0x000001fbda284000, 0x000001fbda282000, 0x000001fbda286800, 0x000001fbda288800,
0x000001fbda289000, 0x000001fbda28b000, 0x000001fbda28a000, 0x000001fbda285000,
0x000001fbda28b800, 0x000001fbd89c3000, 0x000001fbd89c4800, 0x000001fbd89c5800,
0x000001fbd89c7000, 0x000001fbd89c3800, 0x000001fbd89c6000, 0x000001fbd89c1800,
0x000001fbd89c8000, 0x000001fbd89c2000, 0x000001fbd89ca800, 0x000001fbd89cd800,
0x000001fbd89cb000, 0x000001fbd89cc800, 0x000001fbd89ce800, 0x000001fbd89c8800,
0x000001fbd89cc000, 0x000001fbd89cf000, 0x000001fbd89c9800, 0x000001fbd89d0000,
0x000001fbd8fc9800, 0x000001fbd8fca000, 0x000001fbd8fc7000, 0x000001fbd8fc5800,
0x000001fbd8fc8800, 0x000001fbd8fcc000, 0x000001fbd8fc7800, 0x000001fbd8fcb000,
0x000001fbd8fc6000, 0x000001fbd8fcd800, 0x000001fbd8fd0000, 0x000001fbd8fd2800,
0x000001fbd8fce800, 0x000001fbd8fcf000, 0x000001fbd8fd0800, 0x000001fbd8fd1800,
0x000001fbdb8d8000, 0x000001fbdb8de000, 0x000001fbdb8dd000, 0x000001fbdb8de800,
0x000001fbdb8db800, 0x000001fbd6550800, 0x000001fbd6552800, 0x000001fbd6553000,
0x000001fbd6555000, 0x000001fbd6554000, 0x000001fbd6555800, 0x000001fbd6556800,
0x000001fbd6557800, 0x000001fbd6551800, 0x000001fbd655d000, 0x000001fbd6559000,
0x000001fbd655b800, 0x000001fbd655f800, 0x000001fbd6559800, 0x000001fbd655e000,
0x000001fbd655c000, 0x000001fbd655e800, 0x000001fbd6560800, 0x000001fbd655a800,
0x000001fbd6565000, 0x000001fbd6567000, 0x000001fbd6566000, 0x000001fbd6562800,
0x000001fbd6561000, 0x000001fbd6569000, 0x000001fbd6563800, 0x000001fbd6567800,
0x000001fbd6564800, 0x000001fbd6568800, 0x000001fbd656e000, 0x000001fbd6562000,
0x000001fbd656d800, 0x000001fbd6558000, 0x000001fbd656a000, 0x000001fbd656b000,
0x000001fbd656c800, 0x000001fbd656f000, 0x000001fbd656b800, 0x000001fbdb8d2800,
0x000001fbdb8d3000, 0x000001fbdb8d4000, 0x000001fbdb8d1800
}

Java Threads: ( => current thread )
  0x000001fbb678c000 JavaThread "main" [_thread_blocked, id=15836, stack(0x0000003771200000,0x0000003771300000)]
  0x000001fbd337c800 JavaThread "Reference Handler" daemon [_thread_blocked, id=17228, stack(0x0000003771900000,0x0000003771a00000)]
  0x000001fbd3385800 JavaThread "Finalizer" daemon [_thread_blocked, id=5760, stack(0x0000003771a00000,0x0000003771b00000)]
  0x000001fbd339f800 JavaThread "Signal Dispatcher" daemon [_thread_blocked, id=10568, stack(0x0000003771b00000,0x0000003771c00000)]
  0x000001fbd33a1800 JavaThread "Attach Listener" daemon [_thread_blocked, id=17316, stack(0x0000003771c00000,0x0000003771d00000)]
  0x000001fbd33a4000 JavaThread "C2 CompilerThread0" daemon [_thread_in_native, id=3728, stack(0x0000003771d00000,0x0000003771e00000)]
  0x000001fbd33eb800 JavaThread "C1 CompilerThread0" daemon [_thread_blocked, id=4768, stack(0x0000003771e00000,0x0000003771f00000)]
  0x000001fbd33f6800 JavaThread "Sweeper thread" daemon [_thread_blocked, id=6400, stack(0x0000003771f00000,0x0000003772000000)]
  0x000001fbd356e800 JavaThread "Common-Cleaner" daemon [_thread_blocked, id=18512, stack(0x0000003772000000,0x0000003772100000)]
  0x000001fbd35a2800 JavaThread "Service Thread" daemon [_thread_blocked, id=20824, stack(0x0000003772100000,0x0000003772200000)]
  0x000001fbd5cb4800 JavaThread "Daemon health stats" [_thread_blocked, id=16980, stack(0x0000003772a00000,0x0000003772b00000)]
  0x000001fbd54ff000 JavaThread "Incoming local TCP Connector on port 51095" [_thread_in_native, id=21836, stack(0x0000003772d00000,0x0000003772e00000)]
  0x000001fbd5721000 JavaThread "Daemon periodic checks" [_thread_blocked, id=20576, stack(0x0000003772e00000,0x0000003772f00000)]
  0x000001fbd4c47000 JavaThread "Daemon" [_thread_blocked, id=22116, stack(0x0000003772f00000,0x0000003773000000)]
  0x000001fbd5921000 JavaThread "Daemon worker" [_thread_blocked, id=9856, stack(0x0000003773200000,0x0000003773300000)]
  0x000001fbd3a0e000 JavaThread "Cache worker for file hash cache (D:\.gradle\caches\6.7.1\fileHashes)" [_thread_blocked, id=17636, stack(0x0000003773600000,0x0000003773700000)]
  0x000001fbd3a10000 JavaThread "File lock request listener" [_thread_in_native, id=16908, stack(0x0000003773700000,0x0000003773800000)]
  0x000001fbd3a0e800 JavaThread "Cache worker for journal cache (D:\.gradle\caches\journal-1)" [_thread_blocked, id=21516, stack(0x0000003773b00000,0x0000003773c00000)]
  0x000001fbd3a0f800 JavaThread "Cache worker for execution history cache (D:\.gradle\caches\6.7.1\executionHistory)" [_thread_blocked, id=20660, stack(0x0000003774000000,0x0000003774100000)]
  0x000001fbd3a12000 JavaThread "jar transforms" [_thread_blocked, id=20984, stack(0x0000003774100000,0x0000003774200000)]
  0x000001fbd700e800 JavaThread "Cache worker for file content cache (D:\.gradle\caches\6.7.1\fileContent)" [_thread_blocked, id=384, stack(0x0000003774200000,0x0000003774300000)]
  0x000001fbd7017800 JavaThread "jar transforms Thread 2" [_thread_blocked, id=12808, stack(0x0000003774c00000,0x0000003774d00000)]
  0x000001fbd7011800 JavaThread "jar transforms Thread 3" [_thread_blocked, id=11536, stack(0x0000003774d00000,0x0000003774e00000)]
  0x000001fbd7013000 JavaThread "jar transforms Thread 4" [_thread_blocked, id=15512, stack(0x0000003774e00000,0x0000003774f00000)]
  0x000001fbd7018000 JavaThread "jar transforms Thread 5" [_thread_blocked, id=20544, stack(0x0000003774f00000,0x0000003775000000)]
  0x000001fbd7012800 JavaThread "jar transforms Thread 6" [_thread_blocked, id=12496, stack(0x0000003775000000,0x0000003775100000)]
  0x000001fbd7015000 JavaThread "jar transforms Thread 7" [_thread_blocked, id=22496, stack(0x0000003775100000,0x0000003775200000)]
  0x000001fbd7019000 JavaThread "jar transforms Thread 8" [_thread_blocked, id=21880, stack(0x0000003775200000,0x0000003775300000)]
  0x000001fbd7014000 JavaThread "jar transforms Thread 9" [_thread_blocked, id=13724, stack(0x0000003775300000,0x0000003775400000)]
  0x000001fbd7393000 JavaThread "jar transforms Thread 10" [_thread_blocked, id=18424, stack(0x0000003775400000,0x0000003775500000)]
  0x000001fbd738d800 JavaThread "jar transforms Thread 11" [_thread_blocked, id=17072, stack(0x0000003775500000,0x0000003775600000)]
  0x000001fbd7391000 JavaThread "jar transforms Thread 12" [_thread_blocked, id=23512, stack(0x0000003775600000,0x0000003775700000)]
  0x000001fbd7391800 JavaThread "jar transforms Thread 13" [_thread_blocked, id=8120, stack(0x0000003775700000,0x0000003775800000)]
  0x000001fbd738e800 JavaThread "jar transforms Thread 14" [_thread_blocked, id=2816, stack(0x0000003775800000,0x0000003775900000)]
  0x000001fbd7394000 JavaThread "jar transforms Thread 15" [_thread_blocked, id=13448, stack(0x0000003775900000,0x0000003775a00000)]
  0x000001fbd7392800 JavaThread "jar transforms Thread 16" [_thread_blocked, id=10060, stack(0x0000003775a00000,0x0000003775b00000)]
  0x000001fbd7395000 JavaThread "jar transforms Thread 17" [_thread_blocked, id=1516, stack(0x0000003775b00000,0x0000003775c00000)]
  0x000001fbd738f000 JavaThread "jar transforms Thread 18" [_thread_blocked, id=20528, stack(0x0000003775c00000,0x0000003775d00000)]
  0x000001fbd7395800 JavaThread "jar transforms Thread 19" [_thread_blocked, id=20136, stack(0x0000003775d00000,0x0000003775e00000)]
  0x000001fbd7390000 JavaThread "jar transforms Thread 20" [_thread_blocked, id=4376, stack(0x0000003775e00000,0x0000003775f00000)]
  0x000001fbd7397800 JavaThread "jar transforms Thread 21" [_thread_blocked, id=2000, stack(0x0000003775f00000,0x0000003776000000)]
  0x000001fbd7399000 JavaThread "jar transforms Thread 22" [_thread_blocked, id=4156, stack(0x0000003776000000,0x0000003776100000)]
  0x000001fbd7398000 JavaThread "jar transforms Thread 23" [_thread_blocked, id=2604, stack(0x0000003776100000,0x0000003776200000)]
  0x000001fbd739a000 JavaThread "jar transforms Thread 24" [_thread_blocked, id=6132, stack(0x0000003776200000,0x0000003776300000)]
  0x000001fbd739a800 JavaThread "jar transforms Thread 25" [_thread_blocked, id=9788, stack(0x0000003776300000,0x0000003776400000)]
  0x000001fbd7396800 JavaThread "jar transforms Thread 26" [_thread_blocked, id=22628, stack(0x0000003776400000,0x0000003776500000)]
  0x000001fbd739b800 JavaThread "jar transforms Thread 27" [_thread_blocked, id=13304, stack(0x0000003776500000,0x0000003776600000)]
  0x000001fbd739c000 JavaThread "jar transforms Thread 28" [_thread_blocked, id=3516, stack(0x0000003776600000,0x0000003776700000)]
  0x000001fbd737e800 JavaThread "jar transforms Thread 29" [_thread_blocked, id=11340, stack(0x0000003776700000,0x0000003776800000)]
  0x000001fbd737f000 JavaThread "jar transforms Thread 30" [_thread_blocked, id=17800, stack(0x0000003776800000,0x0000003776900000)]
  0x000001fbd7383000 JavaThread "jar transforms Thread 31" [_thread_blocked, id=7780, stack(0x0000003776900000,0x0000003776a00000)]
  0x000001fbd7380000 JavaThread "jar transforms Thread 32" [_thread_blocked, id=13832, stack(0x0000003776a00000,0x0000003776b00000)]
  0x000001fbd7381000 JavaThread "jar transforms Thread 33" [_thread_blocked, id=17144, stack(0x0000003776b00000,0x0000003776c00000)]
  0x000001fbd7381800 JavaThread "jar transforms Thread 34" [_thread_blocked, id=3972, stack(0x0000003776c00000,0x0000003776d00000)]
  0x000001fbd7382800 JavaThread "jar transforms Thread 35" [_thread_blocked, id=22040, stack(0x0000003776d00000,0x0000003776e00000)]
  0x000001fbd737d800 JavaThread "jar transforms Thread 36" [_thread_blocked, id=18704, stack(0x0000003776e00000,0x0000003776f00000)]
  0x000001fbd7384000 JavaThread "jar transforms Thread 37" [_thread_blocked, id=7340, stack(0x0000003776f00000,0x0000003777000000)]
  0x000001fbd7389000 JavaThread "jar transforms Thread 38" [_thread_blocked, id=10176, stack(0x0000003777000000,0x0000003777100000)]
  0x000001fbd738a000 JavaThread "jar transforms Thread 39" [_thread_blocked, id=18860, stack(0x0000003777100000,0x0000003777200000)]
  0x000001fbd7385000 JavaThread "jar transforms Thread 40" [_thread_blocked, id=19552, stack(0x0000003777200000,0x0000003777300000)]
  0x000001fbd738a800 JavaThread "jar transforms Thread 41" [_thread_blocked, id=2412, stack(0x0000003777300000,0x0000003777400000)]
  0x000001fbd7385800 JavaThread "jar transforms Thread 42" [_thread_blocked, id=10516, stack(0x0000003777400000,0x0000003777500000)]
  0x000001fbd738b800 JavaThread "jar transforms Thread 43" [_thread_blocked, id=10264, stack(0x0000003777500000,0x0000003777600000)]
  0x000001fbd738c000 JavaThread "jar transforms Thread 44" [_thread_blocked, id=16296, stack(0x0000003777600000,0x0000003777700000)]
  0x000001fbd7386800 JavaThread "jar transforms Thread 45" [_thread_blocked, id=476, stack(0x0000003777700000,0x0000003777800000)]
  0x000001fbd7387800 JavaThread "jar transforms Thread 46" [_thread_blocked, id=9876, stack(0x0000003777800000,0x0000003777900000)]
  0x000001fbd7388000 JavaThread "jar transforms Thread 47" [_thread_blocked, id=19508, stack(0x0000003777900000,0x0000003777a00000)]
  0x000001fbd8fa6800 JavaThread "jar transforms Thread 48" [_thread_blocked, id=4504, stack(0x0000003777a00000,0x0000003777b00000)]
  0x000001fbd8fa0800 JavaThread "jar transforms Thread 49" [_thread_blocked, id=1720, stack(0x0000003777b00000,0x0000003777c00000)]
  0x000001fbd8fa5000 JavaThread "jar transforms Thread 50" [_thread_blocked, id=8220, stack(0x0000003777c00000,0x0000003777d00000)]
  0x000001fbd8fa5800 JavaThread "jar transforms Thread 51" [_thread_blocked, id=23120, stack(0x0000003777d00000,0x0000003777e00000)]
  0x000001fbd8fa7000 JavaThread "jar transforms Thread 52" [_thread_blocked, id=10272, stack(0x0000003777e00000,0x0000003777f00000)]
  0x000001fbd8fa1800 JavaThread "jar transforms Thread 53" [_thread_blocked, id=23280, stack(0x0000003777f00000,0x0000003778000000)]
  0x000001fbd8fa8000 JavaThread "jar transforms Thread 54" [_thread_blocked, id=19772, stack(0x0000003778000000,0x0000003778100000)]
  0x000001fbd8fa2800 JavaThread "jar transforms Thread 55" [_thread_blocked, id=21576, stack(0x0000003778100000,0x0000003778200000)]
  0x000001fbd8fa9000 JavaThread "jar transforms Thread 56" [_thread_blocked, id=12164, stack(0x0000003778200000,0x0000003778300000)]
  0x000001fbd8fa3000 JavaThread "jar transforms Thread 57" [_thread_blocked, id=3160, stack(0x0000003778300000,0x0000003778400000)]
  0x000001fbd8fa4000 JavaThread "jar transforms Thread 58" [_thread_blocked, id=18236, stack(0x0000003778400000,0x0000003778500000)]
  0x000001fbd8fad000 JavaThread "jar transforms Thread 59" [_thread_blocked, id=4796, stack(0x0000003778500000,0x0000003778600000)]
  0x000001fbd8fae000 JavaThread "jar transforms Thread 60" [_thread_blocked, id=14868, stack(0x0000003778600000,0x0000003778700000)]
  0x000001fbd8fa9800 JavaThread "jar transforms Thread 61" [_thread_blocked, id=4672, stack(0x0000003778700000,0x0000003778800000)]
  0x000001fbd8fac000 JavaThread "jar transforms Thread 62" [_thread_blocked, id=23140, stack(0x0000003778800000,0x0000003778900000)]
  0x000001fbd8fae800 JavaThread "jar transforms Thread 63" [_thread_blocked, id=17376, stack(0x0000003778900000,0x0000003778a00000)]
  0x000001fbd8faa800 JavaThread "jar transforms Thread 64" [_thread_blocked, id=1784, stack(0x0000003778a00000,0x0000003778b00000)]
  0x000001fbd8faf800 JavaThread "jar transforms Thread 65" [_thread_blocked, id=10740, stack(0x0000003778b00000,0x0000003778c00000)]
  0x000001fbd8fab800 JavaThread "jar transforms Thread 66" [_thread_blocked, id=11556, stack(0x0000003778c00000,0x0000003778d00000)]
  0x000001fbda27e800 JavaThread "jar transforms Thread 67" [_thread_blocked, id=8620, stack(0x0000003778d00000,0x0000003778e00000)]
  0x000001fbda282800 JavaThread "jar transforms Thread 68" [_thread_blocked, id=8196, stack(0x0000003778e00000,0x0000003778f00000)]
  0x000001fbda27d800 JavaThread "jar transforms Thread 69" [_thread_blocked, id=5668, stack(0x0000003778f00000,0x0000003779000000)]
  0x000001fbda27f800 JavaThread "jar transforms Thread 70" [_thread_blocked, id=22996, stack(0x0000003779000000,0x0000003779100000)]
  0x000001fbda27d000 JavaThread "jar transforms Thread 71" [_thread_blocked, id=17216, stack(0x0000003779100000,0x0000003779200000)]
  0x000001fbda283800 JavaThread "jar transforms Thread 72" [_thread_blocked, id=11564, stack(0x0000003779200000,0x0000003779300000)]
  0x000001fbda281000 JavaThread "jar transforms Thread 73" [_thread_blocked, id=9376, stack(0x0000003779300000,0x0000003779400000)]
  0x000001fbda280000 JavaThread "jar transforms Thread 74" [_thread_blocked, id=18792, stack(0x0000003779400000,0x0000003779500000)]
  0x000001fbda286000 JavaThread "jar transforms Thread 75" [_thread_blocked, id=10020, stack(0x0000003779500000,0x0000003779600000)]
  0x000001fbda287800 JavaThread "jar transforms Thread 76" [_thread_blocked, id=20208, stack(0x0000003779600000,0x0000003779700000)]
  0x000001fbda284000 JavaThread "jar transforms Thread 77" [_thread_blocked, id=6900, stack(0x0000003779700000,0x0000003779800000)]
  0x000001fbda282000 JavaThread "jar transforms Thread 78" [_thread_blocked, id=10772, stack(0x0000003779800000,0x0000003779900000)]
  0x000001fbda286800 JavaThread "jar transforms Thread 79" [_thread_blocked, id=15692, stack(0x0000003779900000,0x0000003779a00000)]
  0x000001fbda288800 JavaThread "jar transforms Thread 80" [_thread_blocked, id=18844, stack(0x0000003779a00000,0x0000003779b00000)]
  0x000001fbda289000 JavaThread "jar transforms Thread 81" [_thread_blocked, id=21692, stack(0x0000003779b00000,0x0000003779c00000)]
  0x000001fbda28b000 JavaThread "jar transforms Thread 82" [_thread_blocked, id=7288, stack(0x0000003779c00000,0x0000003779d00000)]
  0x000001fbda28a000 JavaThread "jar transforms Thread 83" [_thread_blocked, id=18808, stack(0x0000003779d00000,0x0000003779e00000)]
  0x000001fbda285000 JavaThread "jar transforms Thread 84" [_thread_blocked, id=3564, stack(0x0000003779e00000,0x0000003779f00000)]
  0x000001fbda28b800 JavaThread "jar transforms Thread 85" [_thread_blocked, id=3156, stack(0x0000003779f00000,0x000000377a000000)]
  0x000001fbd89c3000 JavaThread "jar transforms Thread 86" [_thread_blocked, id=16464, stack(0x000000377a000000,0x000000377a100000)]
  0x000001fbd89c4800 JavaThread "jar transforms Thread 87" [_thread_blocked, id=18112, stack(0x000000377a100000,0x000000377a200000)]
  0x000001fbd89c5800 JavaThread "jar transforms Thread 88" [_thread_blocked, id=19964, stack(0x000000377a200000,0x000000377a300000)]
  0x000001fbd89c7000 JavaThread "jar transforms Thread 89" [_thread_blocked, id=21404, stack(0x000000377a300000,0x000000377a400000)]
  0x000001fbd89c3800 JavaThread "jar transforms Thread 90" [_thread_blocked, id=16072, stack(0x000000377a400000,0x000000377a500000)]
  0x000001fbd89c6000 JavaThread "jar transforms Thread 91" [_thread_blocked, id=5256, stack(0x000000377a500000,0x000000377a600000)]
  0x000001fbd89c1800 JavaThread "jar transforms Thread 92" [_thread_blocked, id=15700, stack(0x000000377a600000,0x000000377a700000)]
  0x000001fbd89c8000 JavaThread "jar transforms Thread 93" [_thread_blocked, id=7304, stack(0x000000377a700000,0x000000377a800000)]
  0x000001fbd89c2000 JavaThread "jar transforms Thread 94" [_thread_blocked, id=21676, stack(0x000000377a800000,0x000000377a900000)]
  0x000001fbd89ca800 JavaThread "jar transforms Thread 95" [_thread_blocked, id=1072, stack(0x000000377a900000,0x000000377aa00000)]
  0x000001fbd89cd800 JavaThread "jar transforms Thread 96" [_thread_blocked, id=5596, stack(0x000000377aa00000,0x000000377ab00000)]
  0x000001fbd89cb000 JavaThread "jar transforms Thread 97" [_thread_blocked, id=7248, stack(0x000000377ab00000,0x000000377ac00000)]
  0x000001fbd89cc800 JavaThread "jar transforms Thread 98" [_thread_blocked, id=2924, stack(0x000000377ac00000,0x000000377ad00000)]
  0x000001fbd89ce800 JavaThread "jar transforms Thread 99" [_thread_blocked, id=21412, stack(0x000000377ad00000,0x000000377ae00000)]
  0x000001fbd89c8800 JavaThread "jar transforms Thread 100" [_thread_blocked, id=23148, stack(0x000000377ae00000,0x000000377af00000)]
  0x000001fbd89cc000 JavaThread "jar transforms Thread 101" [_thread_blocked, id=12904, stack(0x000000377af00000,0x000000377b000000)]
  0x000001fbd89cf000 JavaThread "jar transforms Thread 102" [_thread_blocked, id=10920, stack(0x000000377b000000,0x000000377b100000)]
  0x000001fbd89c9800 JavaThread "jar transforms Thread 103" [_thread_blocked, id=11648, stack(0x000000377b100000,0x000000377b200000)]
  0x000001fbd89d0000 JavaThread "jar transforms Thread 104" [_thread_blocked, id=21740, stack(0x000000377b200000,0x000000377b300000)]
  0x000001fbd8fc9800 JavaThread "jar transforms Thread 105" [_thread_blocked, id=8296, stack(0x000000377b300000,0x000000377b400000)]
  0x000001fbd8fca000 JavaThread "jar transforms Thread 106" [_thread_blocked, id=23352, stack(0x000000377b400000,0x000000377b500000)]
  0x000001fbd8fc7000 JavaThread "jar transforms Thread 107" [_thread_blocked, id=17860, stack(0x000000377b500000,0x000000377b600000)]
  0x000001fbd8fc5800 JavaThread "jar transforms Thread 108" [_thread_blocked, id=20392, stack(0x000000377b600000,0x000000377b700000)]
  0x000001fbd8fc8800 JavaThread "jar transforms Thread 109" [_thread_blocked, id=21028, stack(0x000000377b700000,0x000000377b800000)]
  0x000001fbd8fcc000 JavaThread "jar transforms Thread 110" [_thread_blocked, id=10992, stack(0x000000377b800000,0x000000377b900000)]
  0x000001fbd8fc7800 JavaThread "jar transforms Thread 111" [_thread_blocked, id=15532, stack(0x000000377b900000,0x000000377ba00000)]
  0x000001fbd8fcb000 JavaThread "jar transforms Thread 112" [_thread_blocked, id=5820, stack(0x000000377ba00000,0x000000377bb00000)]
  0x000001fbd8fc6000 JavaThread "jar transforms Thread 113" [_thread_blocked, id=23084, stack(0x000000377bb00000,0x000000377bc00000)]
  0x000001fbd8fcd800 JavaThread "jar transforms Thread 114" [_thread_blocked, id=20276, stack(0x000000377bc00000,0x000000377bd00000)]
  0x000001fbd8fd0000 JavaThread "jar transforms Thread 115" [_thread_blocked, id=23340, stack(0x000000377bd00000,0x000000377be00000)]
  0x000001fbd8fd2800 JavaThread "jar transforms Thread 116" [_thread_blocked, id=20560, stack(0x000000377be00000,0x000000377bf00000)]
  0x000001fbd8fce800 JavaThread "jar transforms Thread 117" [_thread_blocked, id=20700, stack(0x000000377bf00000,0x000000377c000000)]
  0x000001fbd8fcf000 JavaThread "jar transforms Thread 118" [_thread_blocked, id=15608, stack(0x000000377c000000,0x000000377c100000)]
  0x000001fbd8fd0800 JavaThread "jar transforms Thread 119" [_thread_blocked, id=22396, stack(0x000000377c100000,0x000000377c200000)]
  0x000001fbd8fd1800 JavaThread "Memory manager" [_thread_blocked, id=20892, stack(0x000000377c200000,0x000000377c300000)]
  0x000001fbdb8d8000 JavaThread "RMI Scheduler(0)" daemon [_thread_blocked, id=10596, stack(0x0000003772900000,0x0000003772a00000)]
  0x000001fbdb8de000 JavaThread "RMI GC Daemon" daemon [_thread_blocked, id=8604, stack(0x000000377d200000,0x000000377d300000)]
  0x000001fbdb8dd000 JavaThread "RMI TCP Accept-0" daemon [_thread_in_native, id=2152, stack(0x000000377d300000,0x000000377d400000)]
  0x000001fbdb8de800 JavaThread "RMI Reaper" [_thread_blocked, id=1364, stack(0x000000377d400000,0x000000377d500000)]
  0x000001fbdb8db800 JavaThread "RMI TCP Connection(4)-127.0.0.1" daemon [_thread_in_native, id=22804, stack(0x000000377d500000,0x000000377d600000)]
  0x000001fbd6550800 JavaThread "RMI TCP Connection(2)-127.0.0.1" daemon [_thread_in_native, id=19516, stack(0x000000377d700000,0x000000377d800000)]
  0x000001fbd6552800 JavaThread "RMI TCP Connection(3)-127.0.0.1" daemon [_thread_in_native, id=22352, stack(0x000000377d800000,0x000000377d900000)]
  0x000001fbd6553000 JavaThread "Handler for socket connection from /127.0.0.1:51095 to /127.0.0.1:51148" [_thread_in_native, id=7920, stack(0x0000003772300000,0x0000003772400000)]
  0x000001fbd6555000 JavaThread "Cancel handler" [_thread_blocked, id=3004, stack(0x0000003773000000,0x0000003773100000)]
  0x000001fbd6554000 JavaThread "Asynchronous log dispatcher for DefaultDaemonConnection: socket connection from /127.0.0.1:51095 to /127.0.0.1:51148" [_thread_blocked, id=21572, stack(0x0000003773100000,0x0000003773200000)]
  0x000001fbd6555800 JavaThread "Stdin handler" [_thread_blocked, id=8564, stack(0x0000003773300000,0x0000003773400000)]
  0x000001fbd6556800 JavaThread "Thread-187" [_thread_blocked, id=20760, stack(0x0000003773400000,0x0000003773500000)]
  0x000001fbd6557800 JavaThread "Cache worker for file hash cache (D:\AndroidStudioProjects\PictureOfTheDay\.gradle\6.7.1\fileHashes)" [_thread_blocked, id=22296, stack(0x0000003773500000,0x0000003773600000)]
  0x000001fbd6551800 JavaThread "Cache worker for checksums cache (D:\AndroidStudioProjects\PictureOfTheDay\.gradle\checksums)" [_thread_blocked, id=17724, stack(0x0000003773c00000,0x0000003773d00000)]
  0x000001fbd655d000 JavaThread "Cache worker for cache directory md-supplier (D:\.gradle\caches\6.7.1\md-supplier)" [_thread_blocked, id=22340, stack(0x0000003773d00000,0x0000003773e00000)]
  0x000001fbd6559000 JavaThread "Cache worker for cache directory md-rule (D:\.gradle\caches\6.7.1\md-rule)" [_thread_blocked, id=15328, stack(0x0000003773e00000,0x0000003773f00000)]
  0x000001fbd655b800 JavaThread "Cache worker for Build Output Cleanup Cache (D:\AndroidStudioProjects\PictureOfTheDay\.gradle\buildOutputCleanup)" [_thread_blocked, id=17552, stack(0x0000003774300000,0x0000003774400000)]
  0x000001fbd655f800 JavaThread "Build operations" [_thread_blocked, id=8744, stack(0x0000003774400000,0x0000003774500000)]
  0x000001fbd6559800 JavaThread "Build operations Thread 2" [_thread_blocked, id=10912, stack(0x0000003774500000,0x0000003774600000)]
  0x000001fbd655e000 JavaThread "Build operations Thread 3" [_thread_blocked, id=14520, stack(0x0000003774600000,0x0000003774700000)]
  0x000001fbd655c000 JavaThread "Build operations Thread 4" [_thread_blocked, id=5088, stack(0x0000003774700000,0x0000003774800000)]
  0x000001fbd655e800 JavaThread "Build operations Thread 5" [_thread_blocked, id=15396, stack(0x0000003774800000,0x0000003774900000)]
  0x000001fbd6560800 JavaThread "Build operations Thread 6" [_thread_blocked, id=12632, stack(0x0000003774900000,0x0000003774a00000)]
  0x000001fbd655a800 JavaThread "Build operations Thread 7" [_thread_blocked, id=7336, stack(0x0000003774a00000,0x0000003774b00000)]
  0x000001fbd6565000 JavaThread "Build operations Thread 8" [_thread_blocked, id=8808, stack(0x0000003774b00000,0x0000003774c00000)]
  0x000001fbd6567000 JavaThread "build event listener" [_thread_blocked, id=17472, stack(0x000000377c800000,0x000000377c900000)]
  0x000001fbd6566000 JavaThread "build event listener" [_thread_blocked, id=8200, stack(0x000000377c900000,0x000000377ca00000)]
  0x000001fbd6562800 JavaThread "Execution worker for ':'" [_thread_blocked, id=12868, stack(0x000000377ca00000,0x000000377cb00000)]
  0x000001fbd6561000 JavaThread "Execution worker for ':' Thread 2" [_thread_blocked, id=22736, stack(0x000000377cb00000,0x000000377cc00000)]
  0x000001fbd6569000 JavaThread "Execution worker for ':' Thread 3" [_thread_blocked, id=16288, stack(0x000000377cc00000,0x000000377cd00000)]
  0x000001fbd6563800 JavaThread "Execution worker for ':' Thread 4" [_thread_blocked, id=368, stack(0x000000377cd00000,0x000000377ce00000)]
  0x000001fbd6567800 JavaThread "Execution worker for ':' Thread 5" [_thread_blocked, id=21344, stack(0x000000377ce00000,0x000000377cf00000)]
  0x000001fbd6564800 JavaThread "Execution worker for ':' Thread 6" [_thread_blocked, id=7724, stack(0x000000377cf00000,0x000000377d000000)]
  0x000001fbd6568800 JavaThread "Execution worker for ':' Thread 7" [_thread_blocked, id=23004, stack(0x000000377d000000,0x000000377d100000)]
  0x000001fbd656e000 JavaThread "Cache worker for execution history cache (D:\AndroidStudioProjects\PictureOfTheDay\.gradle\6.7.1\executionHistory)" [_thread_blocked, id=12088, stack(0x000000377d100000,0x000000377d200000)]
  0x000001fbd6562000 JavaThread "Cache worker for Java compile cache (D:\.gradle\caches\6.7.1\javaCompile)" [_thread_blocked, id=14840, stack(0x000000377c700000,0x000000377c800000)]
  0x000001fbd656d800 JavaThread "Cache worker for Java compile cache (D:\AndroidStudioProjects\PictureOfTheDay\.gradle\6.7.1\javaCompile)" [_thread_blocked, id=18136, stack(0x000000377d600000,0x000000377d700000)]
  0x000001fbd6558000 JavaThread "WorkerExecutor Queue" [_thread_blocked, id=1948, stack(0x0000003773f00000,0x0000003774000000)]
  0x000001fbd656a000 JavaThread "WorkerExecutor Queue Thread 2" [_thread_blocked, id=1228, stack(0x000000377d900000,0x000000377da00000)]
  0x000001fbd656b000 JavaThread "WorkerExecutor Queue Thread 3" [_thread_blocked, id=9644, stack(0x000000377da00000,0x000000377db00000)]
  0x000001fbd656c800 JavaThread "WorkerExecutor Queue Thread 4" [_thread_in_vm, id=9988, stack(0x000000377db00000,0x000000377dc00000)]
  0x000001fbd656f000 JavaThread "WorkerExecutor Queue Thread 5" [_thread_blocked, id=21788, stack(0x000000377dc00000,0x000000377dd00000)]
  0x000001fbd656b800 JavaThread "WorkerExecutor Queue Thread 6" [_thread_blocked, id=23412, stack(0x000000377dd00000,0x000000377de00000)]
  0x000001fbdb8d2800 JavaThread "WorkerExecutor Queue Thread 7" [_thread_blocked, id=8288, stack(0x000000377de00000,0x000000377df00000)]
  0x000001fbdb8d3000 JavaThread "WorkerExecutor Queue Thread 8" [_thread_blocked, id=12968, stack(0x000000377df00000,0x000000377e000000)]
  0x000001fbdb8d4000 JavaThread "C2 CompilerThread1" daemon [_thread_in_native, id=20960, stack(0x000000377e000000,0x000000377e100000)]
=>0x000001fbdb8d1800 JavaThread "C2 CompilerThread2" daemon [_thread_in_native, id=21300, stack(0x000000377e100000,0x000000377e200000)]

Other Threads:
  0x000001fbd3378800 VMThread "VM Thread" [stack: 0x0000003771800000,0x0000003771900000] [id=7792]
  0x000001fbd35b4800 WatcherThread [stack: 0x0000003772200000,0x0000003772300000] [id=8444]
  0x000001fbb881e800 GCTaskThread "GC Thread#0" [stack: 0x0000003771300000,0x0000003771400000] [id=5044]
  0x000001fbd462e000 GCTaskThread "GC Thread#1" [stack: 0x0000003772400000,0x0000003772500000] [id=1312]
  0x000001fbd47b3800 GCTaskThread "GC Thread#2" [stack: 0x0000003772500000,0x0000003772600000] [id=22012]
  0x000001fbd47b4000 GCTaskThread "GC Thread#3" [stack: 0x0000003772600000,0x0000003772700000] [id=20352]
  0x000001fbd45a7000 GCTaskThread "GC Thread#4" [stack: 0x0000003772700000,0x0000003772800000] [id=20612]
  0x000001fbd45a8000 GCTaskThread "GC Thread#5" [stack: 0x0000003772800000,0x0000003772900000] [id=15976]
  0x000001fbd61b3000 GCTaskThread "GC Thread#6" [stack: 0x0000003773800000,0x0000003773900000] [id=13496]
  0x000001fbd5d05000 GCTaskThread "GC Thread#7" [stack: 0x0000003773900000,0x0000003773a00000] [id=4808]
  0x000001fbb8850000 ConcurrentGCThread "G1 Main Marker" [stack: 0x0000003771400000,0x0000003771500000] [id=9056]
  0x000001fbb8854800 ConcurrentGCThread "G1 Conc#0" [stack: 0x0000003771500000,0x0000003771600000] [id=3508]
  0x000001fbd46cd800 ConcurrentGCThread "G1 Conc#1" [stack: 0x0000003773a00000,0x0000003773b00000] [id=18184]
  0x000001fbd29c6800 ConcurrentGCThread "G1 Refine#0" [stack: 0x0000003771600000,0x0000003771700000] [id=10352]
  0x000001fbd926c000 ConcurrentGCThread "G1 Refine#1" [stack: 0x000000377c300000,0x000000377c400000] [id=8984]
  0x000001fbd9265800 ConcurrentGCThread "G1 Refine#2" [stack: 0x000000377c400000,0x000000377c500000] [id=9600]
  0x000001fbd926b800 ConcurrentGCThread "G1 Refine#3" [stack: 0x000000377c500000,0x000000377c600000] [id=9884]
  0x000001fbd9266800 ConcurrentGCThread "G1 Refine#4" [stack: 0x000000377c600000,0x000000377c700000] [id=15800]
  0x000001fbd29c7800 ConcurrentGCThread "G1 Young RemSet Sampling" [stack: 0x0000003771700000,0x0000003771800000] [id=10636]

Threads with active compile tasks:
C2 CompilerThread0  45838 14105       4       org.gradle.api.internal.artifacts.transform.TransformationStep$$Lambda$657/0x0000000100a73040::apply (20 bytes)
C2 CompilerThread1  45838 13959       4       com.android.tools.r8.graph.a1$d::<init> (197 bytes)
C2 CompilerThread2  45838 14047   !   4       java.nio.file.FileTreeWalker::next (144 bytes)

VM state:not at safepoint (normal execution)

VM Mutex/Monitor currently owned by a thread: None

Heap address: 0x0000000080000000, size: 2048 MB, Compressed Oops mode: 32-bit
Narrow klass base: 0x0000000000000000, Narrow klass shift: 3
Compressed class space size: 1073741824 Address: 0x0000000100000000

Heap:
 garbage-first heap   total 258048K, used 195631K [0x0000000080000000, 0x0000000100000000)
  region size 1024K, 112 young (114688K), 15 survivors (15360K)
 Metaspace       used 104305K, capacity 107554K, committed 107776K, reserved 1142784K
  class space    used 13587K, capacity 14848K, committed 14848K, reserved 1048576K
Heap Regions: E=young(eden), S=young(survivor), O=old, HS=humongous(starts), HC=humongous(continues), CS=collection set, F=free, A=archive, TAMS=top-at-mark-start (previous, next)
|   0|0x0000000080000000, 0x0000000080100000, 0x0000000080100000|100%| O|  |TAMS 0x0000000080100000, 0x0000000080000000| Untracked 
|   1|0x0000000080100000, 0x0000000080200000, 0x0000000080200000|100%| O|  |TAMS 0x0000000080200000, 0x0000000080100000| Untracked 
|   2|0x0000000080200000, 0x0000000080300000, 0x0000000080300000|100%| O|  |TAMS 0x0000000080300000, 0x0000000080200000| Untracked 
|   3|0x0000000080300000, 0x0000000080400000, 0x0000000080400000|100%|HS|  |TAMS 0x0000000080400000, 0x0000000080300000| Complete 
|   4|0x0000000080400000, 0x0000000080500000, 0x0000000080500000|100%|HC|  |TAMS 0x0000000080500000, 0x0000000080400000| Complete 
|   5|0x0000000080500000, 0x0000000080600000, 0x0000000080600000|100%|HC|  |TAMS 0x0000000080600000, 0x0000000080500000| Complete 
|   6|0x0000000080600000, 0x0000000080700000, 0x0000000080700000|100%| O|  |TAMS 0x0000000080700000, 0x0000000080600000| Untracked 
|   7|0x0000000080700000, 0x0000000080800000, 0x0000000080800000|100%| O|  |TAMS 0x0000000080800000, 0x0000000080700000| Untracked 
|   8|0x0000000080800000, 0x0000000080900000, 0x0000000080900000|100%| O|  |TAMS 0x0000000080900000, 0x0000000080800000| Untracked 
|   9|0x0000000080900000, 0x0000000080a00000, 0x0000000080a00000|100%| O|  |TAMS 0x0000000080a00000, 0x0000000080900000| Untracked 
|  10|0x0000000080a00000, 0x0000000080b00000, 0x0000000080b00000|100%| O|  |TAMS 0x0000000080b00000, 0x0000000080a00000| Untracked 
|  11|0x0000000080b00000, 0x0000000080c00000, 0x0000000080c00000|100%| O|  |TAMS 0x0000000080c00000, 0x0000000080b00000| Untracked 
|  12|0x0000000080c00000, 0x0000000080d00000, 0x0000000080d00000|100%| O|  |TAMS 0x0000000080d00000, 0x0000000080c00000| Untracked 
|  13|0x0000000080d00000, 0x0000000080e00000, 0x0000000080e00000|100%| O|  |TAMS 0x0000000080e00000, 0x0000000080d00000| Untracked 
|  14|0x0000000080e00000, 0x0000000080f00000, 0x0000000080f00000|100%| O|  |TAMS 0x0000000080f00000, 0x0000000080e00000| Untracked 
|  15|0x0000000080f00000, 0x0000000081000000, 0x0000000081000000|100%| O|  |TAMS 0x0000000081000000, 0x0000000080f00000| Untracked 
|  16|0x0000000081000000, 0x0000000081100000, 0x0000000081100000|100%|HS|  |TAMS 0x0000000081100000, 0x0000000081000000| Complete 
|  17|0x0000000081100000, 0x0000000081200000, 0x0000000081200000|100%|HS|  |TAMS 0x0000000081200000, 0x0000000081100000| Complete 
|  18|0x0000000081200000, 0x0000000081300000, 0x0000000081300000|100%|HS|  |TAMS 0x0000000081300000, 0x0000000081200000| Complete 
|  19|0x0000000081300000, 0x0000000081400000, 0x0000000081400000|100%|HC|  |TAMS 0x0000000081400000, 0x0000000081300000| Complete 
|  20|0x0000000081400000, 0x0000000081500000, 0x0000000081500000|100%|HC|  |TAMS 0x0000000081500000, 0x0000000081400000| Complete 
|  21|0x0000000081500000, 0x0000000081600000, 0x0000000081600000|100%|HS|  |TAMS 0x0000000081600000, 0x0000000081500000| Complete 
|  22|0x0000000081600000, 0x0000000081700000, 0x0000000081700000|100%|HC|  |TAMS 0x0000000081700000, 0x0000000081600000| Complete 
|  23|0x0000000081700000, 0x0000000081800000, 0x0000000081800000|100%| O|  |TAMS 0x0000000081800000, 0x0000000081700000| Untracked 
|  24|0x0000000081800000, 0x0000000081900000, 0x0000000081900000|100%| O|  |TAMS 0x0000000081900000, 0x0000000081800000| Untracked 
|  25|0x0000000081900000, 0x0000000081a00000, 0x0000000081a00000|100%| O|  |TAMS 0x0000000081a00000, 0x0000000081900000| Untracked 
|  26|0x0000000081a00000, 0x0000000081b00000, 0x0000000081b00000|100%| O|  |TAMS 0x0000000081b00000, 0x0000000081a00000| Untracked 
|  27|0x0000000081b00000, 0x0000000081c00000, 0x0000000081c00000|100%| O|  |TAMS 0x0000000081c00000, 0x0000000081b00000| Untracked 
|  28|0x0000000081c00000, 0x0000000081d00000, 0x0000000081d00000|100%| O|  |TAMS 0x0000000081c00000, 0x0000000081c00000| Untracked 
|  29|0x0000000081d00000, 0x0000000081e00000, 0x0000000081e00000|100%| O|  |TAMS 0x0000000081e00000, 0x0000000081d00000| Untracked 
|  30|0x0000000081e00000, 0x0000000081f00000, 0x0000000081f00000|100%| O|  |TAMS 0x0000000081f00000, 0x0000000081e00000| Untracked 
|  31|0x0000000081f00000, 0x0000000082000000, 0x0000000082000000|100%| O|  |TAMS 0x0000000082000000, 0x0000000081f00000| Untracked 
|  32|0x0000000082000000, 0x0000000082100000, 0x0000000082100000|100%| O|  |TAMS 0x0000000082100000, 0x0000000082000000| Untracked 
|  33|0x0000000082100000, 0x0000000082200000, 0x0000000082200000|100%| O|  |TAMS 0x0000000082200000, 0x0000000082100000| Untracked 
|  34|0x0000000082200000, 0x0000000082300000, 0x0000000082300000|100%| O|  |TAMS 0x0000000082300000, 0x0000000082200000| Untracked 
|  35|0x0000000082300000, 0x0000000082400000, 0x0000000082400000|100%| O|  |TAMS 0x0000000082400000, 0x0000000082300000| Untracked 
|  36|0x0000000082400000, 0x0000000082500000, 0x0000000082500000|100%| O|  |TAMS 0x0000000082500000, 0x0000000082400000| Untracked 
|  37|0x0000000082500000, 0x0000000082600000, 0x0000000082600000|100%| O|  |TAMS 0x0000000082600000, 0x0000000082500000| Untracked 
|  38|0x0000000082600000, 0x0000000082700000, 0x0000000082700000|100%| O|  |TAMS 0x0000000082700000, 0x0000000082600000| Untracked 
|  39|0x0000000082700000, 0x0000000082800000, 0x0000000082800000|100%| O|  |TAMS 0x0000000082800000, 0x0000000082700000| Untracked 
|  40|0x0000000082800000, 0x0000000082900000, 0x0000000082900000|100%| O|  |TAMS 0x0000000082900000, 0x0000000082800000| Untracked 
|  41|0x0000000082900000, 0x0000000082a00000, 0x0000000082a00000|100%| O|  |TAMS 0x0000000082a00000, 0x0000000082900000| Untracked 
|  42|0x0000000082a00000, 0x0000000082b00000, 0x0000000082b00000|100%| O|  |TAMS 0x0000000082b00000, 0x0000000082a00000| Untracked 
|  43|0x0000000082b00000, 0x0000000082c00000, 0x0000000082c00000|100%| O|  |TAMS 0x0000000082c00000, 0x0000000082b00000| Untracked 
|  44|0x0000000082c00000, 0x0000000082d00000, 0x0000000082d00000|100%| O|  |TAMS 0x0000000082d00000, 0x0000000082c00000| Untracked 
|  45|0x0000000082d00000, 0x0000000082e00000, 0x0000000082e00000|100%| O|  |TAMS 0x0000000082e00000, 0x0000000082d00000| Untracked 
|  46|0x0000000082e00000, 0x0000000082f00000, 0x0000000082f00000|100%| O|  |TAMS 0x0000000082f00000, 0x0000000082e00000| Untracked 
|  47|0x0000000082f00000, 0x0000000083000000, 0x0000000083000000|100%| O|  |TAMS 0x0000000082fe7800, 0x0000000082f00000| Untracked 
|  48|0x0000000083000000, 0x0000000083100000, 0x0000000083100000|100%| O|  |TAMS 0x0000000083000000, 0x0000000083000000| Untracked 
|  49|0x0000000083100000, 0x0000000083200000, 0x0000000083200000|100%| O|  |TAMS 0x0000000083100000, 0x0000000083100000| Untracked 
|  50|0x0000000083200000, 0x0000000083300000, 0x0000000083300000|100%| O|  |TAMS 0x0000000083200000, 0x0000000083200000| Untracked 
|  51|0x0000000083300000, 0x0000000083400000, 0x0000000083400000|100%| O|  |TAMS 0x0000000083300000, 0x0000000083300000| Untracked 
|  52|0x0000000083400000, 0x0000000083500000, 0x0000000083500000|100%| O|  |TAMS 0x0000000083400000, 0x0000000083400000| Untracked 
|  53|0x0000000083500000, 0x0000000083600000, 0x0000000083600000|100%| O|  |TAMS 0x0000000083500000, 0x0000000083500000| Untracked 
|  54|0x0000000083600000, 0x0000000083700000, 0x0000000083700000|100%| O|  |TAMS 0x0000000083600000, 0x0000000083600000| Untracked 
|  55|0x0000000083700000, 0x0000000083800000, 0x0000000083800000|100%| O|  |TAMS 0x0000000083700000, 0x0000000083700000| Untracked 
|  56|0x0000000083800000, 0x0000000083900000, 0x0000000083900000|100%| O|  |TAMS 0x0000000083800000, 0x0000000083800000| Untracked 
|  57|0x0000000083900000, 0x0000000083a00000, 0x0000000083a00000|100%| O|  |TAMS 0x0000000083900000, 0x0000000083900000| Untracked 
|  58|0x0000000083a00000, 0x0000000083b00000, 0x0000000083b00000|100%| O|  |TAMS 0x0000000083a00000, 0x0000000083a00000| Untracked 
|  59|0x0000000083b00000, 0x0000000083c00000, 0x0000000083c00000|100%| O|  |TAMS 0x0000000083b00000, 0x0000000083b00000| Untracked 
|  60|0x0000000083c00000, 0x0000000083d00000, 0x0000000083d00000|100%| O|  |TAMS 0x0000000083c00000, 0x0000000083c00000| Untracked 
|  61|0x0000000083d00000, 0x0000000083e00000, 0x0000000083e00000|100%| O|  |TAMS 0x0000000083d00000, 0x0000000083d00000| Untracked 
|  62|0x0000000083e00000, 0x0000000083f00000, 0x0000000083f00000|100%| O|  |TAMS 0x0000000083e00000, 0x0000000083e00000| Untracked 
|  63|0x0000000083f00000, 0x0000000084000000, 0x0000000084000000|100%| O|  |TAMS 0x0000000083f00000, 0x0000000083f00000| Untracked 
|  64|0x0000000084000000, 0x0000000084100000, 0x0000000084100000|100%| O|  |TAMS 0x0000000084000000, 0x0000000084000000| Untracked 
|  65|0x0000000084100000, 0x0000000084200000, 0x0000000084200000|100%| O|  |TAMS 0x0000000084100000, 0x0000000084100000| Untracked 
|  66|0x0000000084200000, 0x0000000084300000, 0x0000000084300000|100%| O|  |TAMS 0x0000000084200000, 0x0000000084200000| Untracked 
|  67|0x0000000084300000, 0x0000000084400000, 0x0000000084400000|100%| O|  |TAMS 0x0000000084300000, 0x0000000084300000| Untracked 
|  68|0x0000000084400000, 0x0000000084500000, 0x0000000084500000|100%| O|  |TAMS 0x0000000084400000, 0x0000000084400000| Untracked 
|  69|0x0000000084500000, 0x0000000084600000, 0x0000000084600000|100%| O|  |TAMS 0x0000000084500000, 0x0000000084500000| Untracked 
|  70|0x0000000084600000, 0x0000000084700000, 0x0000000084700000|100%| O|  |TAMS 0x0000000084600000, 0x0000000084600000| Untracked 
|  71|0x0000000084700000, 0x0000000084800000, 0x0000000084800000|100%| O|  |TAMS 0x0000000084700000, 0x0000000084700000| Untracked 
|  72|0x0000000084800000, 0x0000000084900000, 0x0000000084900000|100%| O|  |TAMS 0x0000000084800000, 0x0000000084800000| Untracked 
|  73|0x0000000084900000, 0x0000000084a00000, 0x0000000084a00000|100%| O|  |TAMS 0x0000000084900000, 0x0000000084900000| Untracked 
|  74|0x0000000084a00000, 0x0000000084b00000, 0x0000000084b00000|100%|HS|  |TAMS 0x0000000084a00000, 0x0000000084a00000| Complete 
|  75|0x0000000084b00000, 0x0000000084c00000, 0x0000000084c00000|100%|HC|  |TAMS 0x0000000084b00000, 0x0000000084b00000| Complete 
|  76|0x0000000084c00000, 0x0000000084d00000, 0x0000000084d00000|100%| O|  |TAMS 0x0000000084c00000, 0x0000000084c00000| Untracked 
|  77|0x0000000084d00000, 0x0000000084e00000, 0x0000000084e00000|100%| O|  |TAMS 0x0000000084d00000, 0x0000000084d00000| Untracked 
|  78|0x0000000084e00000, 0x0000000084f00000, 0x0000000084f00000|100%| O|  |TAMS 0x0000000084e00000, 0x0000000084e00000| Untracked 
|  79|0x0000000084f00000, 0x0000000085000000, 0x0000000085000000|100%| O|  |TAMS 0x0000000084f00000, 0x0000000084f00000| Untracked 
|  80|0x0000000085000000, 0x0000000085100000, 0x0000000085100000|100%| O|  |TAMS 0x0000000085000000, 0x0000000085000000| Untracked 
|  81|0x0000000085100000, 0x000000008510bc00, 0x0000000085200000|  4%| O|  |TAMS 0x0000000085100000, 0x0000000085100000| Untracked 
|  82|0x0000000085200000, 0x0000000085200000, 0x0000000085300000|  0%| F|  |TAMS 0x0000000085200000, 0x0000000085200000| Untracked 
|  83|0x0000000085300000, 0x0000000085300000, 0x0000000085400000|  0%| F|  |TAMS 0x0000000085300000, 0x0000000085300000| Untracked 
|  84|0x0000000085400000, 0x0000000085400000, 0x0000000085500000|  0%| F|  |TAMS 0x0000000085400000, 0x0000000085400000| Untracked 
|  85|0x0000000085500000, 0x0000000085500000, 0x0000000085600000|  0%| F|  |TAMS 0x0000000085500000, 0x0000000085500000| Untracked 
|  86|0x0000000085600000, 0x0000000085600000, 0x0000000085700000|  0%| F|  |TAMS 0x0000000085600000, 0x0000000085600000| Untracked 
|  87|0x0000000085700000, 0x0000000085700000, 0x0000000085800000|  0%| F|  |TAMS 0x0000000085700000, 0x0000000085700000| Untracked 
|  88|0x0000000085800000, 0x0000000085800000, 0x0000000085900000|  0%| F|  |TAMS 0x0000000085800000, 0x0000000085800000| Untracked 
|  89|0x0000000085900000, 0x0000000085900000, 0x0000000085a00000|  0%| F|  |TAMS 0x0000000085900000, 0x0000000085900000| Untracked 
|  90|0x0000000085a00000, 0x0000000085a00000, 0x0000000085b00000|  0%| F|  |TAMS 0x0000000085a00000, 0x0000000085a00000| Untracked 
|  91|0x0000000085b00000, 0x0000000085b00000, 0x0000000085c00000|  0%| F|  |TAMS 0x0000000085b00000, 0x0000000085b00000| Untracked 
|  92|0x0000000085c00000, 0x0000000085c00000, 0x0000000085d00000|  0%| F|  |TAMS 0x0000000085c00000, 0x0000000085c00000| Untracked 
|  93|0x0000000085d00000, 0x0000000085d00000, 0x0000000085e00000|  0%| F|  |TAMS 0x0000000085d00000, 0x0000000085d00000| Untracked 
|  94|0x0000000085e00000, 0x0000000085e00000, 0x0000000085f00000|  0%| F|  |TAMS 0x0000000085e00000, 0x0000000085e00000| Untracked 
|  95|0x0000000085f00000, 0x0000000085f00000, 0x0000000086000000|  0%| F|  |TAMS 0x0000000085f00000, 0x0000000085f00000| Untracked 
|  96|0x0000000086000000, 0x0000000086000000, 0x0000000086100000|  0%| F|  |TAMS 0x0000000086000000, 0x0000000086000000| Untracked 
|  97|0x0000000086100000, 0x0000000086100000, 0x0000000086200000|  0%| F|  |TAMS 0x0000000086100000, 0x0000000086100000| Untracked 
|  98|0x0000000086200000, 0x0000000086200000, 0x0000000086300000|  0%| F|  |TAMS 0x0000000086200000, 0x0000000086200000| Untracked 
|  99|0x0000000086300000, 0x0000000086300000, 0x0000000086400000|  0%| F|  |TAMS 0x0000000086300000, 0x0000000086300000| Untracked 
| 100|0x0000000086400000, 0x0000000086400000, 0x0000000086500000|  0%| F|  |TAMS 0x0000000086400000, 0x0000000086400000| Untracked 
| 101|0x0000000086500000, 0x0000000086500000, 0x0000000086600000|  0%| F|  |TAMS 0x0000000086500000, 0x0000000086500000| Untracked 
| 102|0x0000000086600000, 0x0000000086600000, 0x0000000086700000|  0%| F|  |TAMS 0x0000000086600000, 0x0000000086600000| Untracked 
| 103|0x0000000086700000, 0x0000000086700000, 0x0000000086800000|  0%| F|  |TAMS 0x0000000086700000, 0x0000000086700000| Untracked 
| 104|0x0000000086800000, 0x0000000086800000, 0x0000000086900000|  0%| F|  |TAMS 0x0000000086800000, 0x0000000086800000| Untracked 
| 105|0x0000000086900000, 0x0000000086900000, 0x0000000086a00000|  0%| F|  |TAMS 0x0000000086900000, 0x0000000086900000| Untracked 
| 106|0x0000000086a00000, 0x0000000086a00000, 0x0000000086b00000|  0%| F|  |TAMS 0x0000000086a00000, 0x0000000086a00000| Untracked 
| 107|0x0000000086b00000, 0x0000000086b00000, 0x0000000086c00000|  0%| F|  |TAMS 0x0000000086b00000, 0x0000000086b00000| Untracked 
| 108|0x0000000086c00000, 0x0000000086c00000, 0x0000000086d00000|  0%| F|  |TAMS 0x0000000086c00000, 0x0000000086c00000| Untracked 
| 109|0x0000000086d00000, 0x0000000086d00000, 0x0000000086e00000|  0%| F|  |TAMS 0x0000000086d00000, 0x0000000086d00000| Untracked 
| 110|0x0000000086e00000, 0x0000000086e00000, 0x0000000086f00000|  0%| F|  |TAMS 0x0000000086e00000, 0x0000000086e00000| Untracked 
| 111|0x0000000086f00000, 0x0000000086f00000, 0x0000000087000000|  0%| F|  |TAMS 0x0000000086f00000, 0x0000000086f00000| Untracked 
| 112|0x0000000087000000, 0x0000000087000000, 0x0000000087100000|  0%| F|  |TAMS 0x0000000087000000, 0x0000000087000000| Untracked 
| 113|0x0000000087100000, 0x0000000087100000, 0x0000000087200000|  0%| F|  |TAMS 0x0000000087100000, 0x0000000087100000| Untracked 
| 114|0x0000000087200000, 0x0000000087200000, 0x0000000087300000|  0%| F|  |TAMS 0x0000000087200000, 0x0000000087200000| Untracked 
| 115|0x0000000087300000, 0x0000000087300000, 0x0000000087400000|  0%| F|  |TAMS 0x0000000087300000, 0x0000000087300000| Untracked 
| 116|0x0000000087400000, 0x0000000087400000, 0x0000000087500000|  0%| F|  |TAMS 0x0000000087400000, 0x0000000087400000| Untracked 
| 117|0x0000000087500000, 0x0000000087500000, 0x0000000087600000|  0%| F|  |TAMS 0x0000000087500000, 0x0000000087500000| Untracked 
| 118|0x0000000087600000, 0x0000000087600000, 0x0000000087700000|  0%| F|  |TAMS 0x0000000087600000, 0x0000000087600000| Untracked 
| 119|0x0000000087700000, 0x0000000087700000, 0x0000000087800000|  0%| F|  |TAMS 0x0000000087700000, 0x0000000087700000| Untracked 
| 120|0x0000000087800000, 0x0000000087800000, 0x0000000087900000|  0%| F|  |TAMS 0x0000000087800000, 0x0000000087800000| Untracked 
| 121|0x0000000087900000, 0x0000000087a00000, 0x0000000087a00000|100%| E|CS|TAMS 0x0000000087900000, 0x0000000087900000| Complete 
| 122|0x0000000087a00000, 0x0000000087b00000, 0x0000000087b00000|100%| E|CS|TAMS 0x0000000087a00000, 0x0000000087a00000| Complete 
| 123|0x0000000087b00000, 0x0000000087c00000, 0x0000000087c00000|100%| E|CS|TAMS 0x0000000087b00000, 0x0000000087b00000| Complete 
| 124|0x0000000087c00000, 0x0000000087d00000, 0x0000000087d00000|100%| E|CS|TAMS 0x0000000087c00000, 0x0000000087c00000| Complete 
| 125|0x0000000087d00000, 0x0000000087e00000, 0x0000000087e00000|100%| E|CS|TAMS 0x0000000087d00000, 0x0000000087d00000| Complete 
| 126|0x0000000087e00000, 0x0000000087f00000, 0x0000000087f00000|100%| E|CS|TAMS 0x0000000087e00000, 0x0000000087e00000| Complete 
| 127|0x0000000087f00000, 0x0000000088000000, 0x0000000088000000|100%| E|CS|TAMS 0x0000000087f00000, 0x0000000087f00000| Complete 
| 128|0x0000000088000000, 0x0000000088100000, 0x0000000088100000|100%| E|CS|TAMS 0x0000000088000000, 0x0000000088000000| Complete 
| 129|0x0000000088100000, 0x0000000088200000, 0x0000000088200000|100%| E|CS|TAMS 0x0000000088100000, 0x0000000088100000| Complete 
| 130|0x0000000088200000, 0x0000000088300000, 0x0000000088300000|100%| E|CS|TAMS 0x0000000088200000, 0x0000000088200000| Complete 
| 131|0x0000000088300000, 0x0000000088400000, 0x0000000088400000|100%| E|CS|TAMS 0x0000000088300000, 0x0000000088300000| Complete 
| 132|0x0000000088400000, 0x0000000088500000, 0x0000000088500000|100%| E|CS|TAMS 0x0000000088400000, 0x0000000088400000| Complete 
| 133|0x0000000088500000, 0x0000000088600000, 0x0000000088600000|100%| E|CS|TAMS 0x0000000088500000, 0x0000000088500000| Complete 
| 134|0x0000000088600000, 0x0000000088600000, 0x0000000088700000|  0%| F|  |TAMS 0x0000000088600000, 0x0000000088600000| Untracked 
| 135|0x0000000088700000, 0x0000000088700000, 0x0000000088800000|  0%| F|  |TAMS 0x0000000088700000, 0x0000000088700000| Untracked 
| 136|0x0000000088800000, 0x0000000088800000, 0x0000000088900000|  0%| F|  |TAMS 0x0000000088800000, 0x0000000088800000| Untracked 
| 137|0x0000000088900000, 0x0000000088900000, 0x0000000088a00000|  0%| F|  |TAMS 0x0000000088900000, 0x0000000088900000| Untracked 
| 138|0x0000000088a00000, 0x0000000088a00000, 0x0000000088b00000|  0%| F|  |TAMS 0x0000000088a00000, 0x0000000088a00000| Untracked 
| 139|0x0000000088b00000, 0x0000000088b00000, 0x0000000088c00000|  0%| F|  |TAMS 0x0000000088b00000, 0x0000000088b00000| Untracked 
| 140|0x0000000088c00000, 0x0000000088c00000, 0x0000000088d00000|  0%| F|  |TAMS 0x0000000088c00000, 0x0000000088c00000| Untracked 
| 141|0x0000000088d00000, 0x0000000088e00000, 0x0000000088e00000|100%| E|CS|TAMS 0x0000000088d00000, 0x0000000088d00000| Complete 
| 142|0x0000000088e00000, 0x0000000088f00000, 0x0000000088f00000|100%| E|CS|TAMS 0x0000000088e00000, 0x0000000088e00000| Complete 
| 143|0x0000000088f00000, 0x0000000088f00000, 0x0000000089000000|  0%| F|  |TAMS 0x0000000088f00000, 0x0000000088f00000| Untracked 
| 144|0x0000000089000000, 0x0000000089000000, 0x0000000089100000|  0%| F|  |TAMS 0x0000000089000000, 0x0000000089000000| Untracked 
| 145|0x0000000089100000, 0x0000000089100000, 0x0000000089200000|  0%| F|  |TAMS 0x0000000089100000, 0x0000000089100000| Untracked 
| 146|0x0000000089200000, 0x0000000089200000, 0x0000000089300000|  0%| F|  |TAMS 0x0000000089200000, 0x0000000089200000| Untracked 
| 147|0x0000000089300000, 0x0000000089300000, 0x0000000089400000|  0%| F|  |TAMS 0x0000000089300000, 0x0000000089300000| Untracked 
| 148|0x0000000089400000, 0x0000000089400000, 0x0000000089500000|  0%| F|  |TAMS 0x0000000089400000, 0x0000000089400000| Untracked 
| 149|0x0000000089500000, 0x0000000089500000, 0x0000000089600000|  0%| F|  |TAMS 0x0000000089500000, 0x0000000089500000| Untracked 
| 150|0x0000000089600000, 0x0000000089600000, 0x0000000089700000|  0%| F|  |TAMS 0x0000000089600000, 0x0000000089600000| Untracked 
| 151|0x0000000089700000, 0x0000000089700000, 0x0000000089800000|  0%| F|  |TAMS 0x0000000089700000, 0x0000000089700000| Untracked 
| 152|0x0000000089800000, 0x0000000089800000, 0x0000000089900000|  0%| F|  |TAMS 0x0000000089800000, 0x0000000089800000| Untracked 
| 153|0x0000000089900000, 0x000000008994e5f8, 0x0000000089a00000| 30%| S|  |TAMS 0x0000000089900000, 0x0000000089900000| Complete 
| 154|0x0000000089a00000, 0x0000000089b00000, 0x0000000089b00000|100%| S|  |TAMS 0x0000000089a00000, 0x0000000089a00000| Complete 
| 155|0x0000000089b00000, 0x0000000089c00000, 0x0000000089c00000|100%| E|CS|TAMS 0x0000000089b00000, 0x0000000089b00000| Complete 
| 156|0x0000000089c00000, 0x0000000089d00000, 0x0000000089d00000|100%| E|CS|TAMS 0x0000000089c00000, 0x0000000089c00000| Complete 
| 157|0x0000000089d00000, 0x0000000089e00000, 0x0000000089e00000|100%| E|CS|TAMS 0x0000000089d00000, 0x0000000089d00000| Complete 
| 158|0x0000000089e00000, 0x0000000089f00000, 0x0000000089f00000|100%| E|CS|TAMS 0x0000000089e00000, 0x0000000089e00000| Complete 
| 159|0x0000000089f00000, 0x000000008a000000, 0x000000008a000000|100%| E|CS|TAMS 0x0000000089f00000, 0x0000000089f00000| Complete 
| 160|0x000000008a000000, 0x000000008a100000, 0x000000008a100000|100%| E|CS|TAMS 0x000000008a000000, 0x000000008a000000| Complete 
| 161|0x000000008a100000, 0x000000008a200000, 0x000000008a200000|100%| E|CS|TAMS 0x000000008a100000, 0x000000008a100000| Complete 
| 162|0x000000008a200000, 0x000000008a300000, 0x000000008a300000|100%| E|CS|TAMS 0x000000008a200000, 0x000000008a200000| Complete 
| 163|0x000000008a300000, 0x000000008a400000, 0x000000008a400000|100%| E|CS|TAMS 0x000000008a300000, 0x000000008a300000| Complete 
| 164|0x000000008a400000, 0x000000008a500000, 0x000000008a500000|100%| E|CS|TAMS 0x000000008a400000, 0x000000008a400000| Complete 
| 165|0x000000008a500000, 0x000000008a600000, 0x000000008a600000|100%| E|CS|TAMS 0x000000008a500000, 0x000000008a500000| Complete 
| 166|0x000000008a600000, 0x000000008a700000, 0x000000008a700000|100%| E|CS|TAMS 0x000000008a600000, 0x000000008a600000| Complete 
| 167|0x000000008a700000, 0x000000008a800000, 0x000000008a800000|100%| E|CS|TAMS 0x000000008a700000, 0x000000008a700000| Complete 
| 168|0x000000008a800000, 0x000000008a900000, 0x000000008a900000|100%| E|CS|TAMS 0x000000008a800000, 0x000000008a800000| Complete 
| 169|0x000000008a900000, 0x000000008aa00000, 0x000000008aa00000|100%| E|CS|TAMS 0x000000008a900000, 0x000000008a900000| Complete 
| 170|0x000000008aa00000, 0x000000008ab00000, 0x000000008ab00000|100%| E|CS|TAMS 0x000000008aa00000, 0x000000008aa00000| Complete 
| 171|0x000000008ab00000, 0x000000008ac00000, 0x000000008ac00000|100%| E|CS|TAMS 0x000000008ab00000, 0x000000008ab00000| Complete 
| 172|0x000000008ac00000, 0x000000008ad00000, 0x000000008ad00000|100%| E|CS|TAMS 0x000000008ac00000, 0x000000008ac00000| Complete 
| 173|0x000000008ad00000, 0x000000008ae00000, 0x000000008ae00000|100%| E|CS|TAMS 0x000000008ad00000, 0x000000008ad00000| Complete 
| 174|0x000000008ae00000, 0x000000008af00000, 0x000000008af00000|100%| E|CS|TAMS 0x000000008ae00000, 0x000000008ae00000| Complete 
| 175|0x000000008af00000, 0x000000008b000000, 0x000000008b000000|100%| E|CS|TAMS 0x000000008af00000, 0x000000008af00000| Complete 
| 176|0x000000008b000000, 0x000000008b100000, 0x000000008b100000|100%| E|CS|TAMS 0x000000008b000000, 0x000000008b000000| Complete 
| 177|0x000000008b100000, 0x000000008b200000, 0x000000008b200000|100%| E|CS|TAMS 0x000000008b100000, 0x000000008b100000| Complete 
| 178|0x000000008b200000, 0x000000008b300000, 0x000000008b300000|100%| E|CS|TAMS 0x000000008b200000, 0x000000008b200000| Complete 
| 179|0x000000008b300000, 0x000000008b400000, 0x000000008b400000|100%| E|CS|TAMS 0x000000008b300000, 0x000000008b300000| Complete 
| 180|0x000000008b400000, 0x000000008b500000, 0x000000008b500000|100%| E|CS|TAMS 0x000000008b400000, 0x000000008b400000| Complete 
| 181|0x000000008b500000, 0x000000008b600000, 0x000000008b600000|100%| E|CS|TAMS 0x000000008b500000, 0x000000008b500000| Complete 
| 182|0x000000008b600000, 0x000000008b700000, 0x000000008b700000|100%| E|CS|TAMS 0x000000008b600000, 0x000000008b600000| Complete 
| 183|0x000000008b700000, 0x000000008b800000, 0x000000008b800000|100%| E|CS|TAMS 0x000000008b700000, 0x000000008b700000| Complete 
| 184|0x000000008b800000, 0x000000008b900000, 0x000000008b900000|100%| E|CS|TAMS 0x000000008b800000, 0x000000008b800000| Complete 
| 185|0x000000008b900000, 0x000000008ba00000, 0x000000008ba00000|100%| E|CS|TAMS 0x000000008b900000, 0x000000008b900000| Complete 
| 186|0x000000008ba00000, 0x000000008bb00000, 0x000000008bb00000|100%| E|CS|TAMS 0x000000008ba00000, 0x000000008ba00000| Complete 
| 187|0x000000008bb00000, 0x000000008bc00000, 0x000000008bc00000|100%| E|CS|TAMS 0x000000008bb00000, 0x000000008bb00000| Complete 
| 188|0x000000008bc00000, 0x000000008bd00000, 0x000000008bd00000|100%| E|CS|TAMS 0x000000008bc00000, 0x000000008bc00000| Complete 
| 189|0x000000008bd00000, 0x000000008be00000, 0x000000008be00000|100%| E|CS|TAMS 0x000000008bd00000, 0x000000008bd00000| Complete 
| 190|0x000000008be00000, 0x000000008bf00000, 0x000000008bf00000|100%| E|CS|TAMS 0x000000008be00000, 0x000000008be00000| Complete 
| 191|0x000000008bf00000, 0x000000008c000000, 0x000000008c000000|100%| E|CS|TAMS 0x000000008bf00000, 0x000000008bf00000| Complete 
| 192|0x000000008c000000, 0x000000008c100000, 0x000000008c100000|100%| E|CS|TAMS 0x000000008c000000, 0x000000008c000000| Complete 
| 193|0x000000008c100000, 0x000000008c200000, 0x000000008c200000|100%| E|CS|TAMS 0x000000008c100000, 0x000000008c100000| Complete 
| 194|0x000000008c200000, 0x000000008c300000, 0x000000008c300000|100%| E|CS|TAMS 0x000000008c200000, 0x000000008c200000| Complete 
| 195|0x000000008c300000, 0x000000008c400000, 0x000000008c400000|100%| E|CS|TAMS 0x000000008c300000, 0x000000008c300000| Complete 
| 196|0x000000008c400000, 0x000000008c500000, 0x000000008c500000|100%| E|CS|TAMS 0x000000008c400000, 0x000000008c400000| Complete 
| 197|0x000000008c500000, 0x000000008c600000, 0x000000008c600000|100%| E|CS|TAMS 0x000000008c500000, 0x000000008c500000| Complete 
| 198|0x000000008c600000, 0x000000008c700000, 0x000000008c700000|100%| E|CS|TAMS 0x000000008c600000, 0x000000008c600000| Complete 
| 199|0x000000008c700000, 0x000000008c800000, 0x000000008c800000|100%| E|CS|TAMS 0x000000008c700000, 0x000000008c700000| Complete 
| 200|0x000000008c800000, 0x000000008c900000, 0x000000008c900000|100%| E|CS|TAMS 0x000000008c800000, 0x000000008c800000| Complete 
| 201|0x000000008c900000, 0x000000008ca00000, 0x000000008ca00000|100%| E|CS|TAMS 0x000000008c900000, 0x000000008c900000| Complete 
| 202|0x000000008ca00000, 0x000000008cb00000, 0x000000008cb00000|100%| E|CS|TAMS 0x000000008ca00000, 0x000000008ca00000| Complete 
| 203|0x000000008cb00000, 0x000000008cc00000, 0x000000008cc00000|100%| E|CS|TAMS 0x000000008cb00000, 0x000000008cb00000| Complete 
| 204|0x000000008cc00000, 0x000000008cd00000, 0x000000008cd00000|100%| E|CS|TAMS 0x000000008cc00000, 0x000000008cc00000| Complete 
| 205|0x000000008cd00000, 0x000000008ce00000, 0x000000008ce00000|100%| E|CS|TAMS 0x000000008cd00000, 0x000000008cd00000| Complete 
| 206|0x000000008ce00000, 0x000000008cf00000, 0x000000008cf00000|100%| E|CS|TAMS 0x000000008ce00000, 0x000000008ce00000| Complete 
| 207|0x000000008cf00000, 0x000000008d000000, 0x000000008d000000|100%| E|CS|TAMS 0x000000008cf00000, 0x000000008cf00000| Complete 
| 208|0x000000008d000000, 0x000000008d100000, 0x000000008d100000|100%| E|CS|TAMS 0x000000008d000000, 0x000000008d000000| Complete 
| 209|0x000000008d100000, 0x000000008d200000, 0x000000008d200000|100%| E|CS|TAMS 0x000000008d100000, 0x000000008d100000| Complete 
| 210|0x000000008d200000, 0x000000008d300000, 0x000000008d300000|100%| E|CS|TAMS 0x000000008d200000, 0x000000008d200000| Complete 
| 211|0x000000008d300000, 0x000000008d400000, 0x000000008d400000|100%| E|CS|TAMS 0x000000008d300000, 0x000000008d300000| Complete 
| 212|0x000000008d400000, 0x000000008d500000, 0x000000008d500000|100%| E|CS|TAMS 0x000000008d400000, 0x000000008d400000| Complete 
| 213|0x000000008d500000, 0x000000008d600000, 0x000000008d600000|100%| E|CS|TAMS 0x000000008d500000, 0x000000008d500000| Complete 
| 214|0x000000008d600000, 0x000000008d700000, 0x000000008d700000|100%| E|CS|TAMS 0x000000008d600000, 0x000000008d600000| Complete 
| 215|0x000000008d700000, 0x000000008d800000, 0x000000008d800000|100%| E|CS|TAMS 0x000000008d700000, 0x000000008d700000| Complete 
| 216|0x000000008d800000, 0x000000008d900000, 0x000000008d900000|100%| E|CS|TAMS 0x000000008d800000, 0x000000008d800000| Complete 
| 217|0x000000008d900000, 0x000000008da00000, 0x000000008da00000|100%| E|CS|TAMS 0x000000008d900000, 0x000000008d900000| Complete 
| 218|0x000000008da00000, 0x000000008db00000, 0x000000008db00000|100%| E|CS|TAMS 0x000000008da00000, 0x000000008da00000| Complete 
| 219|0x000000008db00000, 0x000000008dc00000, 0x000000008dc00000|100%| E|CS|TAMS 0x000000008db00000, 0x000000008db00000| Complete 
| 220|0x000000008dc00000, 0x000000008dd00000, 0x000000008dd00000|100%| E|CS|TAMS 0x000000008dc00000, 0x000000008dc00000| Complete 
| 221|0x000000008dd00000, 0x000000008de00000, 0x000000008de00000|100%| E|CS|TAMS 0x000000008dd00000, 0x000000008dd00000| Complete 
| 222|0x000000008de00000, 0x000000008df00000, 0x000000008df00000|100%| E|CS|TAMS 0x000000008de00000, 0x000000008de00000| Complete 
| 223|0x000000008df00000, 0x000000008e000000, 0x000000008e000000|100%| E|CS|TAMS 0x000000008df00000, 0x000000008df00000| Complete 
| 224|0x000000008e000000, 0x000000008e100000, 0x000000008e100000|100%| E|CS|TAMS 0x000000008e000000, 0x000000008e000000| Complete 
| 225|0x000000008e100000, 0x000000008e200000, 0x000000008e200000|100%| E|CS|TAMS 0x000000008e100000, 0x000000008e100000| Complete 
| 226|0x000000008e200000, 0x000000008e300000, 0x000000008e300000|100%| E|CS|TAMS 0x000000008e200000, 0x000000008e200000| Complete 
| 227|0x000000008e300000, 0x000000008e400000, 0x000000008e400000|100%| E|CS|TAMS 0x000000008e300000, 0x000000008e300000| Complete 
| 228|0x000000008e400000, 0x000000008e500000, 0x000000008e500000|100%| E|CS|TAMS 0x000000008e400000, 0x000000008e400000| Complete 
| 229|0x000000008e500000, 0x000000008e600000, 0x000000008e600000|100%| E|CS|TAMS 0x000000008e500000, 0x000000008e500000| Complete 
| 230|0x000000008e600000, 0x000000008e700000, 0x000000008e700000|100%| E|CS|TAMS 0x000000008e600000, 0x000000008e600000| Complete 
| 231|0x000000008e700000, 0x000000008e800000, 0x000000008e800000|100%| E|CS|TAMS 0x000000008e700000, 0x000000008e700000| Complete 
| 232|0x000000008e800000, 0x000000008e900000, 0x000000008e900000|100%| E|CS|TAMS 0x000000008e800000, 0x000000008e800000| Complete 
| 233|0x000000008e900000, 0x000000008ea00000, 0x000000008ea00000|100%| E|CS|TAMS 0x000000008e900000, 0x000000008e900000| Complete 
| 234|0x000000008ea00000, 0x000000008eb00000, 0x000000008eb00000|100%| E|CS|TAMS 0x000000008ea00000, 0x000000008ea00000| Complete 
| 235|0x000000008eb00000, 0x000000008ec00000, 0x000000008ec00000|100%| E|CS|TAMS 0x000000008eb00000, 0x000000008eb00000| Complete 
| 236|0x000000008ec00000, 0x000000008ed00000, 0x000000008ed00000|100%| E|CS|TAMS 0x000000008ec00000, 0x000000008ec00000| Complete 
| 237|0x000000008ed00000, 0x000000008ee00000, 0x000000008ee00000|100%| E|CS|TAMS 0x000000008ed00000, 0x000000008ed00000| Complete 
| 238|0x000000008ee00000, 0x000000008ef00000, 0x000000008ef00000|100%| E|CS|TAMS 0x000000008ee00000, 0x000000008ee00000| Complete 
| 239|0x000000008ef00000, 0x000000008f000000, 0x000000008f000000|100%| E|CS|TAMS 0x000000008ef00000, 0x000000008ef00000| Complete 
| 240|0x000000008f000000, 0x000000008f100000, 0x000000008f100000|100%| E|CS|TAMS 0x000000008f000000, 0x000000008f000000| Complete 
| 241|0x000000008f100000, 0x000000008f200000, 0x000000008f200000|100%| E|CS|TAMS 0x000000008f100000, 0x000000008f100000| Complete 
| 242|0x000000008f200000, 0x000000008f300000, 0x000000008f300000|100%| E|CS|TAMS 0x000000008f200000, 0x000000008f200000| Complete 
| 243|0x000000008f300000, 0x000000008f400000, 0x000000008f400000|100%| E|CS|TAMS 0x000000008f300000, 0x000000008f300000| Complete 
| 244|0x000000008f400000, 0x000000008f500000, 0x000000008f500000|100%| E|CS|TAMS 0x000000008f400000, 0x000000008f400000| Complete 
| 245|0x000000008f500000, 0x000000008f600000, 0x000000008f600000|100%| E|CS|TAMS 0x000000008f500000, 0x000000008f500000| Complete 
| 246|0x000000008f600000, 0x000000008f700000, 0x000000008f700000|100%| E|CS|TAMS 0x000000008f600000, 0x000000008f600000| Complete 
| 247|0x000000008f700000, 0x000000008f800000, 0x000000008f800000|100%| E|CS|TAMS 0x000000008f700000, 0x000000008f700000| Complete 
| 248|0x000000008f800000, 0x000000008f900000, 0x000000008f900000|100%| E|CS|TAMS 0x000000008f800000, 0x000000008f800000| Complete 
| 249|0x000000008f900000, 0x000000008fa00000, 0x000000008fa00000|100%| E|CS|TAMS 0x000000008f900000, 0x000000008f900000| Complete 
| 250|0x000000008fa00000, 0x000000008fb00000, 0x000000008fb00000|100%| E|CS|TAMS 0x000000008fa00000, 0x000000008fa00000| Complete 
| 251|0x000000008fb00000, 0x000000008fc00000, 0x000000008fc00000|100%| E|CS|TAMS 0x000000008fb00000, 0x000000008fb00000| Complete 

Card table byte_map: [0x000001fbcb8c0000,0x000001fbcbcc0000] _byte_map_base: 0x000001fbcb4c0000

Marking Bits (Prev, Next): (CMBitMap*) 0x000001fbb8847508, (CMBitMap*) 0x000001fbb8847540
 Prev Bits: [0x000001fbcc0c0000, 0x000001fbce0c0000)
 Next Bits: [0x000001fbce0c0000, 0x000001fbd00c0000)

Polling page: 0x000001fbb7ff0000

Metaspace:

Usage:
  Non-class:     90.53 MB capacity,    88.60 MB ( 98%) used,     1.59 MB (  2%) free+waste,   359.06 KB ( <1%) overhead. 
      Class:     14.50 MB capacity,    13.27 MB ( 92%) used,     1.06 MB (  7%) free+waste,   176.25 KB (  1%) overhead. 
       Both:    105.03 MB capacity,   101.87 MB ( 97%) used,     2.64 MB (  3%) free+waste,   535.31 KB ( <1%) overhead. 

Virtual space:
  Non-class space:       92.00 MB reserved,      90.75 MB ( 99%) committed 
      Class space:        1.00 GB reserved,      14.50 MB (  1%) committed 
             Both:        1.09 GB reserved,     105.25 MB (  9%) committed 

Chunk freelists:
   Non-Class:  30.00 KB
       Class:  0 bytes
        Both:  30.00 KB

MaxMetaspaceSize: 17179869184.00 GB
CompressedClassSpaceSize: 1.00 GB

CodeHeap 'non-profiled nmethods': size=120000Kb used=8641Kb max_used=8752Kb free=111358Kb
 bounds [0x000001fbc3c60000, 0x000001fbc44f0000, 0x000001fbcb190000]
CodeHeap 'profiled nmethods': size=120000Kb used=27010Kb max_used=27542Kb free=92989Kb
 bounds [0x000001fbbc730000, 0x000001fbbe250000, 0x000001fbc3c60000]
CodeHeap 'non-nmethods': size=5760Kb used=2322Kb max_used=2365Kb free=3437Kb
 bounds [0x000001fbbc190000, 0x000001fbbc400000, 0x000001fbbc730000]
 total_blobs=13792 nmethods=12867 adapters=835
 compilation: enabled
              stopped_count=0, restarted_count=0
 full_count=0

Compilation events (20 events):
Event: 45.768 Thread 0x000001fbd33eb800 14183       2       org.gradle.model.internal.asm.AsmClassGeneratorUtils::visitParameters (47 bytes)
Event: 45.769 Thread 0x000001fbd33eb800 nmethod 14183 0x000001fbbce59d10 code [0x000001fbbce59ee0, 0x000001fbbce5a0c8]
Event: 45.769 Thread 0x000001fbd33eb800 14182       2       org.gradle.model.internal.asm.AsmClassGeneratorUtils::visitFormalTypeParameters (108 bytes)
Event: 45.769 Thread 0x000001fbd33eb800 nmethod 14182 0x000001fbbce5e090 code [0x000001fbbce5e2a0, 0x000001fbbce5e5c8]
Event: 45.791 Thread 0x000001fbd33eb800 14184       2       java.util.zip.CRC32::update (51 bytes)
Event: 45.791 Thread 0x000001fbd33eb800 nmethod 14184 0x000001fbbce5d990 code [0x000001fbbce5db80, 0x000001fbbce5de68]
Event: 45.791 Thread 0x000001fbd33eb800 14185       2       java.util.zip.CRC32::updateBytes (14 bytes)
Event: 45.791 Thread 0x000001fbd33eb800 nmethod 14185 0x000001fbbce37d90 code [0x000001fbbce37f40, 0x000001fbbce38068]
Event: 45.803 Thread 0x000001fbd33eb800 14186   !   2       java.util.zip.InflaterInputStream::read (138 bytes)
Event: 45.803 Thread 0x000001fbd33eb800 nmethod 14186 0x000001fbbce72f10 code [0x000001fbbce73180, 0x000001fbbce73b58]
Event: 45.803 Thread 0x000001fbd33eb800 14188   !   2       java.util.zip.Inflater::needsDictionary (19 bytes)
Event: 45.803 Thread 0x000001fbd33eb800 nmethod 14188 0x000001fbbce3c110 code [0x000001fbbce3c2c0, 0x000001fbbce3c558]
Event: 45.803 Thread 0x000001fbd33eb800 14187       2       java.util.zip.CRC32::updateBytesCheck (55 bytes)
Event: 45.804 Thread 0x000001fbd33eb800 nmethod 14187 0x000001fbbce70510 code [0x000001fbbce70700, 0x000001fbbce70a68]
Event: 45.804 Thread 0x000001fbd33eb800 14189       2       java.util.zip.ZipInputStream::ensureOpen (18 bytes)
Event: 45.804 Thread 0x000001fbd33eb800 nmethod 14189 0x000001fbbce72b10 code [0x000001fbbce72cc0, 0x000001fbbce72e68]
Event: 45.804 Thread 0x000001fbd33eb800 14190       2       java.util.zip.ZipInputStream::read (304 bytes)
Event: 45.805 Thread 0x000001fbd33eb800 nmethod 14190 0x000001fbbce81590 code [0x000001fbbce818a0, 0x000001fbbce823b8]
Event: 45.807 Thread 0x000001fbd33eb800 14191       2       java.util.TimSort::sort (229 bytes)
Event: 45.807 Thread 0x000001fbd33eb800 nmethod 14191 0x000001fbbce74c90 code [0x000001fbbce74ec0, 0x000001fbbce75358]

GC Heap History (20 events):
Event: 9.199 GC heap before
{Heap before GC invocations=7 (full 0):
 garbage-first heap   total 258048K, used 176111K [0x0000000080000000, 0x0000000100000000)
  region size 1024K, 151 young (154624K), 12 survivors (12288K)
 Metaspace       used 58012K, capacity 59525K, committed 59648K, reserved 1101824K
  class space    used 7398K, capacity 7930K, committed 7936K, reserved 1048576K
}
Event: 9.209 GC heap after
{Heap after GC invocations=8 (full 0):
 garbage-first heap   total 258048K, used 48080K [0x0000000080000000, 0x0000000100000000)
  region size 1024K, 19 young (19456K), 19 survivors (19456K)
 Metaspace       used 58012K, capacity 59525K, committed 59648K, reserved 1101824K
  class space    used 7398K, capacity 7930K, committed 7936K, reserved 1048576K
}
Event: 9.257 GC heap before
{Heap before GC invocations=8 (full 0):
 garbage-first heap   total 258048K, used 54224K [0x0000000080000000, 0x0000000100000000)
  region size 1024K, 26 young (26624K), 19 survivors (19456K)
 Metaspace       used 58584K, capacity 60038K, committed 60160K, reserved 1101824K
  class space    used 7445K, capacity 7969K, committed 8064K, reserved 1048576K
}
Event: 9.271 GC heap after
{Heap after GC invocations=9 (full 0):
 garbage-first heap   total 258048K, used 51819K [0x0000000080000000, 0x0000000100000000)
  region size 1024K, 4 young (4096K), 4 survivors (4096K)
 Metaspace       used 58584K, capacity 60038K, committed 60160K, reserved 1101824K
  class space    used 7445K, capacity 7969K, committed 8064K, reserved 1048576K
}
Event: 10.009 GC heap before
{Heap before GC invocations=10 (full 0):
 garbage-first heap   total 258048K, used 137835K [0x0000000080000000, 0x0000000100000000)
  region size 1024K, 88 young (90112K), 4 survivors (4096K)
 Metaspace       used 65957K, capacity 67522K, committed 67840K, reserved 1107968K
  class space    used 8558K, capacity 9116K, committed 9216K, reserved 1048576K
}
Event: 10.016 GC heap after
{Heap after GC invocations=11 (full 0):
 garbage-first heap   total 258048K, used 55041K [0x0000000080000000, 0x0000000100000000)
  region size 1024K, 7 young (7168K), 7 survivors (7168K)
 Metaspace       used 65957K, capacity 67522K, committed 67840K, reserved 1107968K
  class space    used 8558K, capacity 9116K, committed 9216K, reserved 1048576K
}
Event: 10.920 GC heap before
{Heap before GC invocations=12 (full 0):
 garbage-first heap   total 258048K, used 148225K [0x0000000080000000, 0x0000000100000000)
  region size 1024K, 98 young (100352K), 7 survivors (7168K)
 Metaspace       used 75126K, capacity 76736K, committed 77056K, reserved 1116160K
  class space    used 9837K, capacity 10410K, committed 10496K, reserved 1048576K
}
Event: 10.927 GC heap after
{Heap after GC invocations=13 (full 0):
 garbage-first heap   total 258048K, used 60619K [0x0000000080000000, 0x0000000100000000)
  region size 1024K, 13 young (13312K), 13 survivors (13312K)
 Metaspace       used 75126K, capacity 76736K, committed 77056K, reserved 1116160K
  class space    used 9837K, capacity 10410K, committed 10496K, reserved 1048576K
}
Event: 12.132 GC heap before
{Heap before GC invocations=13 (full 0):
 garbage-first heap   total 258048K, used 157899K [0x0000000080000000, 0x0000000100000000)
  region size 1024K, 109 young (111616K), 13 survivors (13312K)
 Metaspace       used 79261K, capacity 81081K, committed 81408K, reserved 1120256K
  class space    used 10285K, capacity 10921K, committed 11008K, reserved 1048576K
}
Event: 12.142 GC heap after
{Heap after GC invocations=14 (full 0):
 garbage-first heap   total 258048K, used 67427K [0x0000000080000000, 0x0000000100000000)
  region size 1024K, 13 young (13312K), 13 survivors (13312K)
 Metaspace       used 79261K, capacity 81081K, committed 81408K, reserved 1120256K
  class space    used 10285K, capacity 10921K, committed 11008K, reserved 1048576K
}
Event: 13.043 GC heap before
{Heap before GC invocations=14 (full 0):
 garbage-first heap   total 258048K, used 167779K [0x0000000080000000, 0x0000000100000000)
  region size 1024K, 112 young (114688K), 13 survivors (13312K)
 Metaspace       used 83583K, capacity 85563K, committed 85760K, reserved 1124352K
  class space    used 10829K, capacity 11515K, committed 11520K, reserved 1048576K
}
Event: 13.053 GC heap after
{Heap after GC invocations=15 (full 0):
 garbage-first heap   total 258048K, used 71932K [0x0000000080000000, 0x0000000100000000)
  region size 1024K, 11 young (11264K), 11 survivors (11264K)
 Metaspace       used 83583K, capacity 85563K, committed 85760K, reserved 1124352K
  class space    used 10829K, capacity 11515K, committed 11520K, reserved 1048576K
}
Event: 28.422 GC heap before
{Heap before GC invocations=15 (full 0):
 garbage-first heap   total 258048K, used 176380K [0x0000000080000000, 0x0000000100000000)
  region size 1024K, 114 young (116736K), 11 survivors (11264K)
 Metaspace       used 91257K, capacity 93618K, committed 93952K, reserved 1130496K
  class space    used 11654K, capacity 12428K, committed 12544K, reserved 1048576K
}
Event: 28.436 GC heap after
{Heap after GC invocations=16 (full 0):
 garbage-first heap   total 258048K, used 79913K [0x0000000080000000, 0x0000000100000000)
  region size 1024K, 14 young (14336K), 14 survivors (14336K)
 Metaspace       used 91257K, capacity 93618K, committed 93952K, reserved 1130496K
  class space    used 11654K, capacity 12428K, committed 12544K, reserved 1048576K
}
Event: 40.537 GC heap before
{Heap before GC invocations=16 (full 0):
 garbage-first heap   total 258048K, used 183337K [0x0000000080000000, 0x0000000100000000)
  region size 1024K, 116 young (118784K), 14 survivors (14336K)
 Metaspace       used 91687K, capacity 93953K, committed 94208K, reserved 1130496K
  class space    used 11663K, capacity 12437K, committed 12544K, reserved 1048576K
}
Event: 40.545 GC heap after
{Heap after GC invocations=17 (full 0):
 garbage-first heap   total 258048K, used 77834K [0x0000000080000000, 0x0000000100000000)
  region size 1024K, 3 young (3072K), 3 survivors (3072K)
 Metaspace       used 91687K, capacity 93953K, committed 94208K, reserved 1130496K
  class space    used 11663K, capacity 12437K, committed 12544K, reserved 1048576K
}
Event: 43.279 GC heap before
{Heap before GC invocations=17 (full 0):
 garbage-first heap   total 258048K, used 187402K [0x0000000080000000, 0x0000000100000000)
  region size 1024K, 111 young (113664K), 3 survivors (3072K)
 Metaspace       used 92381K, capacity 94773K, committed 94976K, reserved 1132544K
  class space    used 11715K, capacity 12526K, committed 12544K, reserved 1048576K
}
Event: 43.284 GC heap after
{Heap after GC invocations=18 (full 0):
 garbage-first heap   total 258048K, used 81872K [0x0000000080000000, 0x0000000100000000)
  region size 1024K, 7 young (7168K), 7 survivors (7168K)
 Metaspace       used 92381K, capacity 94773K, committed 94976K, reserved 1132544K
  class space    used 11715K, capacity 12526K, committed 12544K, reserved 1048576K
}
Event: 45.080 GC heap before
{Heap before GC invocations=18 (full 0):
 garbage-first heap   total 258048K, used 194512K [0x0000000080000000, 0x0000000100000000)
  region size 1024K, 116 young (118784K), 7 survivors (7168K)
 Metaspace       used 97432K, capacity 100180K, committed 100224K, reserved 1136640K
  class space    used 12474K, capacity 13411K, committed 13440K, reserved 1048576K
}
Event: 45.094 GC heap after
{Heap after GC invocations=19 (full 0):
 garbage-first heap   total 258048K, used 98351K [0x0000000080000000, 0x0000000100000000)
  region size 1024K, 15 young (15360K), 15 survivors (15360K)
 Metaspace       used 97432K, capacity 100180K, committed 100224K, reserved 1136640K
  class space    used 12474K, capacity 13411K, committed 13440K, reserved 1048576K
}

Deoptimization events (20 events):
Event: 45.791 Thread 0x000001fbd656c800 Uncommon trap: trap_request=0xffffffde fr.pc=0x000001fbc3d3cbdc relative=0x000000000000113c
Event: 45.791 Thread 0x000001fbd656c800 Uncommon trap: reason=class_check action=maybe_recompile pc=0x000001fbc3d3cbdc method=java.util.zip.InflaterInputStream.read([BII)I @ 100 c2
Event: 45.791 Thread 0x000001fbd656c800 DEOPT PACKING pc=0x000001fbc3d3cbdc sp=0x000000377dbfdbf0
Event: 45.791 Thread 0x000001fbd656c800 DEOPT UNPACKING pc=0x000001fbbc19822f sp=0x000000377dbfdc50 mode 2
Event: 45.791 Thread 0x000001fbd656c800 Uncommon trap: trap_request=0xffffffde fr.pc=0x000001fbc3d3cbdc relative=0x000000000000113c
Event: 45.791 Thread 0x000001fbd656c800 Uncommon trap: reason=class_check action=maybe_recompile pc=0x000001fbc3d3cbdc method=java.util.zip.InflaterInputStream.read([BII)I @ 100 c2
Event: 45.791 Thread 0x000001fbd656c800 DEOPT PACKING pc=0x000001fbc3d3cbdc sp=0x000000377dbfdbf0
Event: 45.791 Thread 0x000001fbd656c800 DEOPT UNPACKING pc=0x000001fbbc19822f sp=0x000000377dbfdc50 mode 2
Event: 45.791 Thread 0x000001fbd656c800 Uncommon trap: trap_request=0xffffffde fr.pc=0x000001fbc3d3cbdc relative=0x000000000000113c
Event: 45.791 Thread 0x000001fbd656c800 Uncommon trap: reason=class_check action=maybe_recompile pc=0x000001fbc3d3cbdc method=java.util.zip.InflaterInputStream.read([BII)I @ 100 c2
Event: 45.791 Thread 0x000001fbd656c800 DEOPT PACKING pc=0x000001fbc3d3cbdc sp=0x000000377dbfdbf0
Event: 45.791 Thread 0x000001fbd656c800 DEOPT UNPACKING pc=0x000001fbbc19822f sp=0x000000377dbfdc50 mode 2
Event: 45.791 Thread 0x000001fbd656c800 Uncommon trap: trap_request=0xffffffde fr.pc=0x000001fbc3d3cbdc relative=0x000000000000113c
Event: 45.791 Thread 0x000001fbd656c800 Uncommon trap: reason=class_check action=maybe_recompile pc=0x000001fbc3d3cbdc method=java.util.zip.InflaterInputStream.read([BII)I @ 100 c2
Event: 45.791 Thread 0x000001fbd656c800 DEOPT PACKING pc=0x000001fbc3d3cbdc sp=0x000000377dbfdbf0
Event: 45.791 Thread 0x000001fbd656c800 DEOPT UNPACKING pc=0x000001fbbc19822f sp=0x000000377dbfdc50 mode 2
Event: 45.791 Thread 0x000001fbd656c800 Uncommon trap: trap_request=0xffffff4d fr.pc=0x000001fbc3f2230c relative=0x000000000000058c
Event: 45.791 Thread 0x000001fbd656c800 Uncommon trap: reason=unstable_if action=reinterpret pc=0x000001fbc3f2230c method=java.util.zip.InflaterInputStream.close()V @ 11 c2
Event: 45.791 Thread 0x000001fbd656c800 DEOPT PACKING pc=0x000001fbc3f2230c sp=0x000000377dbfdcf0
Event: 45.791 Thread 0x000001fbd656c800 DEOPT UNPACKING pc=0x000001fbbc19822f sp=0x000000377dbfdcf0 mode 2

Classes redefined (0 events):
No events

Internal exceptions (20 events):
Event: 45.232 Thread 0x000001fbd656b000 Exception <a 'java/lang/NoSuchMethodError'{0x000000008eb97f10}: 'void java.lang.invoke.DirectMethodHandle$Holder.invokeVirtual(java.lang.Object, java.lang.Object, int, java.lang.Object)'> (0x000000008eb97f10) thrown at [./src/hotspot/share/interpreter/linkResolver.cpp, line 773]
Event: 45.232 Thread 0x000001fbd656a000 Exception <a 'java/lang/NoSuchMethodError'{0x000000008ecf9018}: 'void java.lang.invoke.DirectMethodHandle$Holder.invokeVirtual(java.lang.Object, java.lang.Object, int, java.lang.Object)'> (0x000000008ecf9018) thrown at [./src/hotspot/share/interpreter/linkResolver.cpp, line 773]
Event: 45.259 Thread 0x000001fbd6558000 Exception <a 'java/lang/NoSuchMethodError'{0x000000008e85fa38}: 'void java.lang.invoke.DirectMethodHandle$Holder.invokeVirtual(java.lang.Object, java.lang.Object, int)'> (0x000000008e85fa38) thrown at [./src/hotspot/share/interpreter/linkResolver.cpp, line 773]
Event: 45.273 Thread 0x000001fbd6558000 Exception <a 'sun/nio/fs/WindowsException'{0x000000008e786158}> (0x000000008e786158) thrown at [./src/hotspot/share/prims/jni.cpp, line 615]
Event: 45.307 Thread 0x000001fbd656a000 Exception <a 'sun/nio/fs/WindowsException'{0x000000008e3b5fe8}> (0x000000008e3b5fe8) thrown at [./src/hotspot/share/prims/jni.cpp, line 615]
Event: 45.448 Thread 0x000001fbd656b000 Exception <a 'sun/nio/fs/WindowsException'{0x000000008d6ae600}> (0x000000008d6ae600) thrown at [./src/hotspot/share/prims/jni.cpp, line 615]
Event: 45.450 Thread 0x000001fbd656b000 Exception <a 'sun/nio/fs/WindowsException'{0x000000008d54fd98}> (0x000000008d54fd98) thrown at [./src/hotspot/share/prims/jni.cpp, line 615]
Event: 45.451 Thread 0x000001fbd656b000 Exception <a 'sun/nio/fs/WindowsException'{0x000000008d558a30}> (0x000000008d558a30) thrown at [./src/hotspot/share/prims/jni.cpp, line 615]
Event: 45.455 Thread 0x000001fbd656b000 Exception <a 'sun/nio/fs/WindowsException'{0x000000008d415608}> (0x000000008d415608) thrown at [./src/hotspot/share/prims/jni.cpp, line 615]
Event: 45.457 Thread 0x000001fbd656b000 Exception <a 'sun/nio/fs/WindowsException'{0x000000008d474a70}> (0x000000008d474a70) thrown at [./src/hotspot/share/prims/jni.cpp, line 615]
Event: 45.459 Thread 0x000001fbd656b000 Exception <a 'sun/nio/fs/WindowsException'{0x000000008d47da88}> (0x000000008d47da88) thrown at [./src/hotspot/share/prims/jni.cpp, line 615]
Event: 45.460 Thread 0x000001fbd656b000 Exception <a 'sun/nio/fs/WindowsException'{0x000000008d4c7ee8}> (0x000000008d4c7ee8) thrown at [./src/hotspot/share/prims/jni.cpp, line 615]
Event: 45.463 Thread 0x000001fbd656c800 Exception <a 'java/lang/NoSuchMethodError'{0x000000008d34e5c8}: 'void java.lang.invoke.DirectMethodHandle$Holder.invokeStaticInit(java.lang.Object, java.lang.Object, java.lang.Object)'> (0x000000008d34e5c8) thrown at [./src/hotspot/share/interpreter/linkResolver.cpp, line 773]
Event: 45.485 Thread 0x000001fbd656c800 Exception <a 'sun/nio/fs/WindowsException'{0x000000008d117e60}> (0x000000008d117e60) thrown at [./src/hotspot/share/prims/jni.cpp, line 615]
Event: 45.487 Thread 0x000001fbd656c800 Exception <a 'sun/nio/fs/WindowsException'{0x000000008d1aaa30}> (0x000000008d1aaa30) thrown at [./src/hotspot/share/prims/jni.cpp, line 615]
Event: 45.488 Thread 0x000001fbd656c800 Exception <a 'sun/nio/fs/WindowsException'{0x000000008d1f19d8}> (0x000000008d1f19d8) thrown at [./src/hotspot/share/prims/jni.cpp, line 615]
Event: 45.490 Thread 0x000001fbd656c800 Exception <a 'sun/nio/fs/WindowsException'{0x000000008d1fc658}> (0x000000008d1fc658) thrown at [./src/hotspot/share/prims/jni.cpp, line 615]
Event: 45.491 Thread 0x000001fbd656c800 Exception <a 'sun/nio/fs/WindowsException'{0x000000008d086458}> (0x000000008d086458) thrown at [./src/hotspot/share/prims/jni.cpp, line 615]
Event: 45.646 Thread 0x000001fbd6561000 Implicit null exception at 0x000001fbc43c9943 to 0x000001fbc43cb6d8
Event: 45.760 Thread 0x000001fbd6561000 Exception <a 'java/lang/NoSuchMethodError'{0x000000008a560b30}: <clinit>> (0x000000008a560b30) thrown at [./src/hotspot/share/prims/jni.cpp, line 1362]

Events (20 events):
Event: 45.767 loading class com/android/build/gradle/internal/tasks/DexMergingTaskDelegate$Companion
Event: 45.767 loading class com/android/build/gradle/internal/tasks/DexMergingTaskDelegate$Companion done
Event: 45.769 loading class com/android/build/gradle/internal/tasks/DexMergingTaskDelegate$Companion$isDexFile$1
Event: 45.769 loading class com/android/build/gradle/internal/tasks/DexMergingTaskDelegate$Companion$isDexFile$1 done
Event: 45.770 Executing VM operation: RevokeBias
Event: 45.771 Executing VM operation: RevokeBias done
Event: 45.772 loading class com/android/builder/dexing/DexUtilsKt$getSortedFilesInDir$$inlined$use$lambda$1
Event: 45.772 loading class com/android/builder/dexing/DexUtilsKt$getSortedFilesInDir$$inlined$use$lambda$1 done
Event: 45.773 loading class kotlin/streams/jdk8/StreamsKt
Event: 45.773 loading class kotlin/streams/jdk8/StreamsKt done
Event: 45.773 loading class kotlin/streams/jdk8/StreamsKt
Event: 45.773 loading class kotlin/streams/jdk8/StreamsKt done
Event: 45.774 loading class com/android/builder/dexing/DexUtilsKt$getSortedFilesInDir$2$2
Event: 45.774 loading class com/android/builder/dexing/DexUtilsKt$getSortedFilesInDir$2$2 done
Event: 45.775 loading class com/android/builder/dexing/DexEntry
Event: 45.775 loading class com/android/builder/dexing/DexEntry done
Event: 45.776 loading class com/android/builder/dexing/DexEntry$Companion
Event: 45.776 loading class com/android/builder/dexing/DexEntry$Companion done
Event: 45.790 loading class java/io/PushbackInputStream
Event: 45.791 loading class java/io/PushbackInputStream done


Dynamic libraries:
0x00007ff6eabc0000 - 0x00007ff6eabca000 	D:\Program Files\Android Studio\jre\bin\java.exe
0x00007ff8046f0000 - 0x00007ff8048e5000 	C:\Windows\SYSTEM32\ntdll.dll
0x00007ff804410000 - 0x00007ff8044cd000 	C:\Windows\System32\KERNEL32.DLL
0x00007ff802270000 - 0x00007ff802538000 	C:\Windows\System32\KERNELBASE.dll
0x00007ff802170000 - 0x00007ff802270000 	C:\Windows\System32\ucrtbase.dll
0x00007ffffe700000 - 0x00007ffffe719000 	D:\Program Files\Android Studio\jre\bin\jli.dll
0x00007ff803090000 - 0x00007ff803230000 	C:\Windows\System32\USER32.dll
0x00007ffff3630000 - 0x00007ffff38ca000 	C:\Windows\WinSxS\amd64_microsoft.windows.common-controls_6595b64144ccf1df_6.0.19041.844_none_ca00b6081b84eb1d\COMCTL32.dll
0x00007ff801ed0000 - 0x00007ff801ef2000 	C:\Windows\System32\win32u.dll
0x00007ff8037e0000 - 0x00007ff80387e000 	C:\Windows\System32\msvcrt.dll
0x00007ff8044d0000 - 0x00007ff8044fa000 	C:\Windows\System32\GDI32.dll
0x00007ff801f00000 - 0x00007ff80200b000 	C:\Windows\System32\gdi32full.dll
0x00007ff801e30000 - 0x00007ff801ecd000 	C:\Windows\System32\msvcp_win.dll
0x00007ffffe6e0000 - 0x00007ffffe6f7000 	D:\Program Files\Android Studio\jre\bin\VCRUNTIME140.dll
0x00007ff804290000 - 0x00007ff8042c0000 	C:\Windows\System32\IMM32.DLL
0x00007ffff05f0000 - 0x00007ffff068d000 	D:\Program Files\Android Studio\jre\bin\msvcp140.dll
0x00007fffb8d50000 - 0x00007fffb980c000 	D:\Program Files\Android Studio\jre\bin\server\jvm.dll
0x00007ff8029c0000 - 0x00007ff802a6c000 	C:\Windows\System32\ADVAPI32.dll
0x00007ff8041f0000 - 0x00007ff80428b000 	C:\Windows\System32\sechost.dll
0x00007ff8036b0000 - 0x00007ff8037db000 	C:\Windows\System32\RPCRT4.dll
0x00007ff8041e0000 - 0x00007ff8041e8000 	C:\Windows\System32\PSAPI.DLL
0x00007fffe7090000 - 0x00007fffe70b7000 	C:\Windows\SYSTEM32\WINMM.dll
0x00007ffff4300000 - 0x00007ffff430a000 	C:\Windows\SYSTEM32\VERSION.dll
0x00007ffffe260000 - 0x00007ffffe269000 	C:\Windows\SYSTEM32\WSOCK32.dll
0x00007ff8039c0000 - 0x00007ff803a2b000 	C:\Windows\System32\WS2_32.dll
0x00007ff800700000 - 0x00007ff800712000 	C:\Windows\SYSTEM32\kernel.appcore.dll
0x00007ffff7700000 - 0x00007ffff7711000 	D:\Program Files\Android Studio\jre\bin\verify.dll
0x00007ff8000e0000 - 0x00007ff8002c4000 	C:\Windows\SYSTEM32\DBGHELP.DLL
0x00007fffe8320000 - 0x00007fffe834c000 	C:\Windows\SYSTEM32\dbgcore.DLL
0x00007ff802670000 - 0x00007ff8026f0000 	C:\Windows\System32\bcryptPrimitives.dll
0x00007ffff18b0000 - 0x00007ffff18d9000 	D:\Program Files\Android Studio\jre\bin\java.dll
0x00007ffffd0c0000 - 0x00007ffffd0cb000 	D:\Program Files\Android Studio\jre\bin\jimage.dll
0x00007ffff33e0000 - 0x00007ffff33f8000 	D:\Program Files\Android Studio\jre\bin\zip.dll
0x00007ff803a30000 - 0x00007ff804172000 	C:\Windows\System32\SHELL32.dll
0x00007fffff860000 - 0x00007fffffff0000 	C:\Windows\SYSTEM32\windows.storage.dll
0x00007ff803230000 - 0x00007ff803585000 	C:\Windows\System32\combase.dll
0x00007ff8018a0000 - 0x00007ff8018cc000 	C:\Windows\SYSTEM32\Wldp.dll
0x00007ff802910000 - 0x00007ff8029be000 	C:\Windows\System32\SHCORE.dll
0x00007ff803020000 - 0x00007ff803075000 	C:\Windows\System32\shlwapi.dll
0x00007ff801d70000 - 0x00007ff801d8f000 	C:\Windows\SYSTEM32\profapi.dll
0x00007ffff1890000 - 0x00007ffff18aa000 	D:\Program Files\Android Studio\jre\bin\net.dll
0x00007ffff8770000 - 0x00007ffff887b000 	C:\Windows\SYSTEM32\WINHTTP.dll
0x00007ff801610000 - 0x00007ff80167a000 	C:\Windows\system32\mswsock.dll
0x00007fffeb460000 - 0x00007fffeb474000 	D:\Program Files\Android Studio\jre\bin\nio.dll
0x00007ffffe6b0000 - 0x00007ffffe6d7000 	D:\.gradle\native\fdc75f09e3144964f2cf3f50f0aa648679c211496f362492102eb8c894070792\windows-amd64\native-platform.dll
0x00007fffe5fa0000 - 0x00007fffe6136000 	D:\.gradle\native\12488b8bf47d2d4c9fbf2f6322a914ad602e24e48041cd04a747c6da556b65c4\windows-amd64\native-platform-file-events.dll
0x00007ffffcd00000 - 0x00007ffffcd0a000 	D:\Program Files\Android Studio\jre\bin\management.dll
0x00007ffff9b40000 - 0x00007ffff9b4c000 	D:\Program Files\Android Studio\jre\bin\management_ext.dll
0x00007ff8017f0000 - 0x00007ff801808000 	C:\Windows\SYSTEM32\CRYPTSP.dll
0x00007ff800f40000 - 0x00007ff800f74000 	C:\Windows\system32\rsaenh.dll
0x00007ff802540000 - 0x00007ff802567000 	C:\Windows\System32\bcrypt.dll
0x00007ff801cf0000 - 0x00007ff801d1e000 	C:\Windows\SYSTEM32\USERENV.dll
0x00007ff8017e0000 - 0x00007ff8017ec000 	C:\Windows\SYSTEM32\CRYPTBASE.dll
0x00007ff8012b0000 - 0x00007ff8012eb000 	C:\Windows\SYSTEM32\IPHLPAPI.DLL
0x00007ff803080000 - 0x00007ff803088000 	C:\Windows\System32\NSI.dll
0x00007ffff4dc0000 - 0x00007ffff4dd7000 	C:\Windows\SYSTEM32\dhcpcsvc6.DLL
0x00007ffff59e0000 - 0x00007ffff59fd000 	C:\Windows\SYSTEM32\dhcpcsvc.DLL
0x00007ff801350000 - 0x00007ff80141c000 	C:\Windows\SYSTEM32\DNSAPI.dll
0x00007ffff8880000 - 0x00007ffff888b000 	C:\Windows\SYSTEM32\WINNSI.DLL
0x00007ffffe270000 - 0x00007ffffe278000 	D:\Program Files\Android Studio\jre\bin\rmi.dll

dbghelp: loaded successfully - version: 4.0.5 - missing functions: none
symbol engine: initialized successfully - sym options: 0x614 - pdb path: .;D:\Program Files\Android Studio\jre\bin;C:\Windows\SYSTEM32;C:\Windows\WinSxS\amd64_microsoft.windows.common-controls_6595b64144ccf1df_6.0.19041.844_none_ca00b6081b84eb1d;D:\Program Files\Android Studio\jre\bin\server;D:\.gradle\native\fdc75f09e3144964f2cf3f50f0aa648679c211496f362492102eb8c894070792\windows-amd64;D:\.gradle\native\12488b8bf47d2d4c9fbf2f6322a914ad602e24e48041cd04a747c6da556b65c4\windows-amd64

VM Arguments:
jvm_args: --add-opens=java.base/java.util=ALL-UNNAMED --add-opens=java.base/java.lang=ALL-UNNAMED --add-opens=java.base/java.lang.invoke=ALL-UNNAMED --add-opens=java.prefs/java.util.prefs=ALL-UNNAMED -Xmx2048m -Dfile.encoding=UTF-8 -Duser.country=RU -Duser.language=ru -Duser.variant 
java_command: org.gradle.launcher.daemon.bootstrap.GradleDaemon 6.7.1
java_class_path (initial): D:\.gradle\wrapper\dists\gradle-6.7.1-bin\bwlcbys1h7rz3272sye1xwiv6\gradle-6.7.1\lib\gradle-launcher-6.7.1.jar
Launcher Type: SUN_STANDARD

[Global flags]
     intx CICompilerCount                          = 4                                         {product} {ergonomic}
     uint ConcGCThreads                            = 2                                         {product} {ergonomic}
     uint G1ConcRefinementThreads                  = 8                                         {product} {ergonomic}
   size_t G1HeapRegionSize                         = 1048576                                   {product} {ergonomic}
    uintx GCDrainStackTargetSize                   = 64                                        {product} {ergonomic}
   size_t InitialHeapSize                          = 264241152                                 {product} {ergonomic}
   size_t MarkStackSize                            = 4194304                                   {product} {ergonomic}
   size_t MaxHeapSize                              = 2147483648                                {product} {command line}
   size_t MaxNewSize                               = 1287651328                                {product} {ergonomic}
   size_t MinHeapDeltaBytes                        = 1048576                                   {product} {ergonomic}
    uintx NonNMethodCodeHeapSize                   = 5836300                                {pd product} {ergonomic}
    uintx NonProfiledCodeHeapSize                  = 122910970                              {pd product} {ergonomic}
    uintx ProfiledCodeHeapSize                     = 122910970                              {pd product} {ergonomic}
    uintx ReservedCodeCacheSize                    = 251658240                              {pd product} {ergonomic}
     bool SegmentedCodeCache                       = true                                      {product} {ergonomic}
     bool UseCompressedClassPointers               = true                                 {lp64_product} {ergonomic}
     bool UseCompressedOops                        = true                                 {lp64_product} {ergonomic}
     bool UseG1GC                                  = true                                      {product} {ergonomic}
     bool UseLargePagesIndividualAllocation        = false                                  {pd product} {ergonomic}

Logging:
Log output configuration:
 #0: stdout all=warning uptime,level,tags
 #1: stderr all=off uptime,level,tags

Environment Variables:
PATH=C:\Windows\system32;C:\Windows;C:\Windows\System32\Wbem;C:\Windows\System32\WindowsPowerShell\v1.0\;C:\Windows\System32\OpenSSH\;C:\Program Files (x86)\NVIDIA Corporation\PhysX\Common;D:\Program Files\Git\cmd;C:\Android;C:\Users\Олег\AppData\Local\Microsoft\WindowsApps;C:\Users\Олег\AppData\Local\gitkraken\bin
USERNAME=Олег
OS=Windows_NT
PROCESSOR_IDENTIFIER=Intel64 Family 6 Model 140 Stepping 1, GenuineIntel



---------------  S Y S T E M  ---------------

OS: Windows 10 , 64 bit Build 19041 (10.0.19041.928)
OS uptime: 44 days 11:53 hours

CPU:total 8 (initial active 8) (4 cores per cpu, 2 threads per core) family 6 model 140 stepping 1, cmov, cx8, fxsr, mmx, sse, sse2, sse3, ssse3, sse4.1, sse4.2, popcnt, avx, avx2, aes, clmul, erms, 3dnowpref, lzcnt, ht, tsc, tscinvbit, bmi1, bmi2, adx, evex, sha, fma

Memory: 4k page, system-wide physical 16062M (5162M free)
TotalPageFile size 25082M (AvailPageFile size 6M)
current process WorkingSet (physical memory assigned to process): 551M, peak: 551M
current process commit charge ("private bytes"): 597M, peak: 598M

vm_info: OpenJDK 64-Bit Server VM (11.0.8+10-b944.6842174) for windows-amd64 JRE (11.0.8+10-b944.6842174), built on Sep 19 2020 01:11:42 by "builder" with MS VC++ 14.0 (VS2015)

END.
